#
# A fatal error has been detected by the Java Runtime Environment:
#
#  SIGBUS (0x7) at pc=0x00007f3a1e1f55d9, pid=7829, tid=0x00007f39daec2700
#
# JRE version: Java(TM) SE Runtime Environment (8.0_121-b13) (build 1.8.0_121-b13)
# Java VM: Java HotSpot(TM) 64-Bit Server VM (25.121-b13 mixed mode linux-amd64 compressed oops)
# Problematic frame:
# C  [libc.so.6+0x1565d9]
#
# Failed to write core dump. Core dumps have been disabled. To enable core dumping, try "ulimit -c unlimited" before starting Java again
#
# If you would like to submit a bug report, please visit:
#   http://bugreport.java.com/bugreport/crash.jsp
# The crash happened outside the Java Virtual Machine in native code.
# See problematic frame for where to report the bug.
#

---------------  T H R E A D  ---------------

Current thread (0x00007f39d437b000):  JavaThread "AWT-EventQueue-0" [_thread_in_native, id=7846, stack(0x00007f39dadc2000,0x00007f39daec3000)]

siginfo: si_signo: 7 (SIGBUS), si_code: 2 (BUS_ADRERR), si_addr: 0x00007f3a01e18000

Registers:
RAX=0x00007f39cc58d9c0, RBX=0x000000000000756f, RCX=0x0000000000004000, RDX=0x000000000000245f
RSP=0x00007f39daebd528, RBP=0x00007f39daebd580, RSI=0x00007f3a01e17ff8, RDI=0x00007f39cc592a50
R8 =0x00007f39cc58d9c0, R9 =0x00007f3a1e1f55ce, R10=0x746e61672f656772, R11=0x00007f3a1e233ad0
R12=0x00007f3a01e047a6, R13=0x00007f39cc524eb0, R14=0x000000000000732f, R15=0x00007f39d4019570
RIP=0x00007f3a1e1f55d9, EFLAGS=0x0000000000010206, CSGSFS=0x0000000000000033, ERR=0x0000000000000004
  TRAPNO=0x000000000000000e

Top of Stack: (sp=0x00007f39daebd528)
0x00007f39daebd528:   00007f3a17be4c7e 00007f39daebd990
0x00007f39daebd538:   756f2f3a00000000 0000000000007465
0x00007f39daebd548:   000000006e61672f 00007f39cc524eb0
0x00007f39daebd558:   00007f39d402d650 00007f39cc282170
0x00007f39daebd568:   00007f39d4019570 00000000512d2dd6
0x00007f39daebd578:   0000000000000031 00007f39daebd5e0
0x00007f39daebd588:   00007f3a17be518f 00007f39d437b000
0x00007f39daebd598:   01000000fc92c3f8 00007f39daebd600
0x00007f39daebd5a8:   00007f39daebd632 00007f39daebd630
0x00007f39daebd5b8:   00007f39daebd600 0000000000000031
0x00007f39daebd5c8:   00007f39d437b1f8 00007f39daebda58
0x00007f39daebd5d8:   0000000000000001 00007f39daebda40
0x00007f39daebd5e8:   00007f3a17bd6ec0 00007f39daebd5d9
0x00007f39daebd5f8:   00007f39d4019570 72756f732f74656e
0x00007f39daebd608:   2f6567726f666563 6f727074746e6167
0x00007f39daebd618:   2f6f692f7463656a 61536e6f6974704f
0x00007f39daebd628:   73616c632e726576 0000000000000073
0x00007f39daebd638:   00000000fc92ab00 00007f3a030043d8
0x00007f39daebd648:   00007f39d437b000 00007f3a030043d8
0x00007f39daebd658:   00007f39d437b000 00007f39daebd718
0x00007f39daebd668:   00007f3a030043d8 00007f3a030043d8
0x00007f39daebd678:   00007f3a030043d8 00007f3900000000
0x00007f39daebd688:   0000000000000000 00007f39d437b000
0x00007f39daebd698:   00007f3a180829a0 00007f39cc4d2048
0x00007f39daebd6a8:   00007f39cc4d2048 00007f39daebd870
0x00007f39daebd6b8:   00007f3a1d7860ec 00007f39d437b000
0x00007f39daebd6c8:   00007f3900000039 0000000000000000
0x00007f39daebd6d8:   00007f39cc4d2040 00007f3a1e00e170
0x00007f39daebd6e8:   00007f3a0863d750 00000000030043d8
0x00007f39daebd6f8:   00007f390000000d 00007f39daebd590
0x00007f39daebd708:   0000003000000020 00007f39daebd880
0x00007f39daebd718:   00007f39daebd790 00007f39d437b000 

Instructions: (pc=0x00007f3a1e1f55d9)
0x00007f3a1e1f55b9:   ca 0f 28 4e f8 72 07 4d 8d 89 f9 ff ff ff 48 8d
0x00007f3a1e1f55c9:   52 c0 41 ff e1 0f 18 86 c0 01 00 00 48 83 ea 40
0x00007f3a1e1f55d9:   0f 28 56 08 0f 28 5e 18 0f 28 66 28 0f 28 6e 38
0x00007f3a1e1f55e9:   66 0f 6f f5 66 0f 3a 0f ec 08 48 8d 76 40 66 0f 

Register to memory mapping:

RAX=0x00007f39cc58d9c0 is an unknown value
RBX=0x000000000000756f is an unknown value
RCX=0x0000000000004000 is an unknown value
RDX=0x000000000000245f is an unknown value
RSP=0x00007f39daebd528 is pointing into the stack for thread: 0x00007f39d437b000
RBP=0x00007f39daebd580 is pointing into the stack for thread: 0x00007f39d437b000
RSI=0x00007f3a01e17ff8 is an unknown value
RDI=0x00007f39cc592a50 is an unknown value
R8 =0x00007f39cc58d9c0 is an unknown value
R9 =0x00007f3a1e1f55ce: <offset 0x1565ce> in /lib/x86_64-linux-gnu/libc.so.6 at 0x00007f3a1e09f000
R10=0x746e61672f656772 is an unknown value
R11=0x00007f3a1e233ad0: <offset 0x194ad0> in /lib/x86_64-linux-gnu/libc.so.6 at 0x00007f3a1e09f000
R12=0x00007f3a01e047a6 is an unknown value
R13=0x00007f39cc524eb0 is an unknown value
R14=0x000000000000732f is an unknown value
R15=0x00007f39d4019570 is an unknown value


Stack: [0x00007f39dadc2000,0x00007f39daec3000],  sp=0x00007f39daebd528,  free space=1005k
Native frames: (J=compiled Java code, j=interpreted, Vv=VM code, C=native code)
C  [libc.so.6+0x1565d9]
C  [libzip.so+0x1218f]  ZIP_GetEntry2+0xff
C  [libzip.so+0x3ec0]  Java_java_util_zip_ZipFile_getEntry+0xf0
J 470  java.util.zip.ZipFile.getEntry(J[BZ)J (0 bytes) @ 0x00007f3a08de9b8e [0x00007f3a08de9ac0+0xce]
J 699 C2 sun.misc.URLClassPath$JarLoader.getResource(Ljava/lang/String;Z)Lsun/misc/Resource; (85 bytes) @ 0x00007f3a08eadadc [0x00007f3a08ead520+0x5bc]
J 3212 C2 sun.misc.URLClassPath.getResource(Ljava/lang/String;Z)Lsun/misc/Resource; (83 bytes) @ 0x00007f3a09524628 [0x00007f3a09524540+0xe8]
J 366 C1 java.net.URLClassLoader$1.run()Ljava/lang/Class; (63 bytes) @ 0x00007f3a08da372c [0x00007f3a08da3520+0x20c]
J 365 C1 java.net.URLClassLoader$1.run()Ljava/lang/Object; (5 bytes) @ 0x00007f3a08da2b4c [0x00007f3a08da2ac0+0x8c]
v  ~StubRoutines::call_stub
V  [libjvm.so+0x690dd6]  JavaCalls::call_helper(JavaValue*, methodHandle*, JavaCallArguments*, Thread*)+0x1056
V  [libjvm.so+0x72a09c]  JVM_DoPrivileged+0x27c
J 443  java.security.AccessController.doPrivileged(Ljava/security/PrivilegedExceptionAction;Ljava/security/AccessControlContext;)Ljava/lang/Object; (0 bytes) @ 0x00007f3a08de1a15 [0x00007f3a08de1940+0xd5]
J 363 C1 java.net.URLClassLoader.findClass(Ljava/lang/String;)Ljava/lang/Class; (47 bytes) @ 0x00007f3a08da1cc4 [0x00007f3a08da1b40+0x184]
J 1464 C1 org.bardsoftware.impl.eclipsito.BundleClassLoader.findClass(Ljava/lang/String;)Ljava/lang/Class; (67 bytes) @ 0x00007f3a090a9c8c [0x00007f3a090a9460+0x82c]
J 1346 C2 java.lang.ClassLoader.loadClass(Ljava/lang/String;Z)Ljava/lang/Class; (122 bytes) @ 0x00007f3a09078b24 [0x00007f3a090776a0+0x1484]
J 262 C1 java.lang.ClassLoader.loadClass(Ljava/lang/String;)Ljava/lang/Class; (7 bytes) @ 0x00007f3a08d70e44 [0x00007f3a08d70d40+0x104]
v  ~StubRoutines::call_stub
V  [libjvm.so+0x690dd6]  JavaCalls::call_helper(JavaValue*, methodHandle*, JavaCallArguments*, Thread*)+0x1056
V  [libjvm.so+0x6912e1]  JavaCalls::call_virtual(JavaValue*, KlassHandle, Symbol*, Symbol*, JavaCallArguments*, Thread*)+0x321
V  [libjvm.so+0x691736]  JavaCalls::call_virtual(JavaValue*, Handle, KlassHandle, Symbol*, Symbol*, Handle, Thread*)+0x56
V  [libjvm.so+0xa3c7a0]  SystemDictionary::load_instance_class(Symbol*, Handle, Thread*)+0x3f0
V  [libjvm.so+0xa3b6ec]  SystemDictionary::resolve_instance_class_or_null(Symbol*, Handle, Handle, Thread*)+0x78c
V  [libjvm.so+0xa3cbc3]  SystemDictionary::resolve_or_fail(Symbol*, Handle, Handle, bool, Thread*)+0x33
V  [libjvm.so+0x4f3728]  ConstantPool::klass_at_impl(constantPoolHandle, int, Thread*)+0x158
V  [libjvm.so+0x685331]  InterpreterRuntime::_new(JavaThread*, ConstantPool*, int)+0x71
j  net.sourceforge.ganttproject.GanttOptions.doSave(Ljava/io/OutputStream;)V+1265
j  net.sourceforge.ganttproject.GanttOptions.save()V+14
j  net.sourceforge.ganttproject.GanttProject.quitApplication()Z+59
j  net.sourceforge.ganttproject.GanttProject$3.windowClosing(Ljava/awt/event/WindowEvent;)V+4
j  java.awt.AWTEventMulticaster.windowClosing(Ljava/awt/event/WindowEvent;)V+8
j  java.awt.AWTEventMulticaster.windowClosing(Ljava/awt/event/WindowEvent;)V+8
j  java.awt.Window.processWindowEvent(Ljava/awt/event/WindowEvent;)V+68
j  javax.swing.JFrame.processWindowEvent(Ljava/awt/event/WindowEvent;)V+2
j  java.awt.Window.processEvent(Ljava/awt/AWTEvent;)V+69
J 3100 C1 java.awt.Component.dispatchEventImpl(Ljava/awt/AWTEvent;)V (883 bytes) @ 0x00007f3a094b7764 [0x00007f3a094b22c0+0x54a4]
J 2435 C1 java.awt.Container.dispatchEventImpl(Ljava/awt/AWTEvent;)V (129 bytes) @ 0x00007f3a09371ea4 [0x00007f3a09371d60+0x144]
J 3078 C1 java.awt.Window.dispatchEventImpl(Ljava/awt/AWTEvent;)V (23 bytes) @ 0x00007f3a08d3d684 [0x00007f3a08d3d0a0+0x5e4]
J 3386 C1 java.awt.EventQueue.dispatchEventImpl(Ljava/awt/AWTEvent;Ljava/lang/Object;)V (149 bytes) @ 0x00007f3a0909c96c [0x00007f3a0909b140+0x182c]
J 3038 C1 java.awt.EventQueue$3.run()Ljava/lang/Void; (60 bytes) @ 0x00007f3a08cfef44 [0x00007f3a08cfed40+0x204]
J 3037 C1 java.awt.EventQueue$3.run()Ljava/lang/Object; (5 bytes) @ 0x00007f3a0939348c [0x00007f3a09393400+0x8c]
v  ~StubRoutines::call_stub
V  [libjvm.so+0x690dd6]  JavaCalls::call_helper(JavaValue*, methodHandle*, JavaCallArguments*, Thread*)+0x1056
V  [libjvm.so+0x72a09c]  JVM_DoPrivileged+0x27c
J 1174  java.security.AccessController.doPrivileged(Ljava/security/PrivilegedAction;Ljava/security/AccessControlContext;)Ljava/lang/Object; (0 bytes) @ 0x00007f3a08fbef95 [0x00007f3a08fbeec0+0xd5]
J 3128 C1 java.awt.EventQueue$4.run()Ljava/lang/Object; (5 bytes) @ 0x00007f3a08ddb5a4 [0x00007f3a08ddb180+0x424]
v  ~StubRoutines::call_stub
V  [libjvm.so+0x690dd6]  JavaCalls::call_helper(JavaValue*, methodHandle*, JavaCallArguments*, Thread*)+0x1056
V  [libjvm.so+0x72a09c]  JVM_DoPrivileged+0x27c
J 1174  java.security.AccessController.doPrivileged(Ljava/security/PrivilegedAction;Ljava/security/AccessControlContext;)Ljava/lang/Object; (0 bytes) @ 0x00007f3a08fbef95 [0x00007f3a08fbeec0+0xd5]
J 3033 C1 java.awt.EventQueue.dispatchEvent(Ljava/awt/AWTEvent;)V (80 bytes) @ 0x00007f3a08e9d4f4 [0x00007f3a08e9c680+0xe74]
J 3080 C1 java.awt.EventDispatchThread.pumpOneEventForFilters(I)V (295 bytes) @ 0x00007f3a08d42f2c [0x00007f3a08d41280+0x1cac]
j  java.awt.EventDispatchThread.pumpEventsForFilter(ILjava/awt/Conditional;Ljava/awt/EventFilter;)V+35
j  java.awt.EventDispatchThread.pumpEventsForHierarchy(ILjava/awt/Conditional;Ljava/awt/Component;)V+11
j  java.awt.EventDispatchThread.pumpEvents(ILjava/awt/Conditional;)V+4
j  java.awt.EventDispatchThread.pumpEvents(Ljava/awt/Conditional;)V+3
j  java.awt.EventDispatchThread.run()V+9
v  ~StubRoutines::call_stub
V  [libjvm.so+0x690dd6]  JavaCalls::call_helper(JavaValue*, methodHandle*, JavaCallArguments*, Thread*)+0x1056
V  [libjvm.so+0x6912e1]  JavaCalls::call_virtual(JavaValue*, KlassHandle, Symbol*, Symbol*, JavaCallArguments*, Thread*)+0x321
V  [libjvm.so+0x691787]  JavaCalls::call_virtual(JavaValue*, Handle, KlassHandle, Symbol*, Symbol*, Thread*)+0x47
V  [libjvm.so+0x72cb00]  thread_entry(JavaThread*, Thread*)+0xa0
V  [libjvm.so+0xa75543]  JavaThread::thread_main_inner()+0x103
V  [libjvm.so+0xa7568c]  JavaThread::run()+0x11c
V  [libjvm.so+0x926268]  java_start(Thread*)+0x108
C  [libpthread.so.0+0x76ba]  start_thread+0xca

Java frames: (J=compiled Java code, j=interpreted, Vv=VM code)
J 470  java.util.zip.ZipFile.getEntry(J[BZ)J (0 bytes) @ 0x00007f3a08de9b18 [0x00007f3a08de9ac0+0x58]
J 699 C2 sun.misc.URLClassPath$JarLoader.getResource(Ljava/lang/String;Z)Lsun/misc/Resource; (85 bytes) @ 0x00007f3a08eadadc [0x00007f3a08ead520+0x5bc]
J 3212 C2 sun.misc.URLClassPath.getResource(Ljava/lang/String;Z)Lsun/misc/Resource; (83 bytes) @ 0x00007f3a09524628 [0x00007f3a09524540+0xe8]
J 366 C1 java.net.URLClassLoader$1.run()Ljava/lang/Class; (63 bytes) @ 0x00007f3a08da372c [0x00007f3a08da3520+0x20c]
J 365 C1 java.net.URLClassLoader$1.run()Ljava/lang/Object; (5 bytes) @ 0x00007f3a08da2b4c [0x00007f3a08da2ac0+0x8c]
v  ~StubRoutines::call_stub
J 443  java.security.AccessController.doPrivileged(Ljava/security/PrivilegedExceptionAction;Ljava/security/AccessControlContext;)Ljava/lang/Object; (0 bytes) @ 0x00007f3a08de19a3 [0x00007f3a08de1940+0x63]
J 363 C1 java.net.URLClassLoader.findClass(Ljava/lang/String;)Ljava/lang/Class; (47 bytes) @ 0x00007f3a08da1cc4 [0x00007f3a08da1b40+0x184]
J 1464 C1 org.bardsoftware.impl.eclipsito.BundleClassLoader.findClass(Ljava/lang/String;)Ljava/lang/Class; (67 bytes) @ 0x00007f3a090a9c8c [0x00007f3a090a9460+0x82c]
J 1346 C2 java.lang.ClassLoader.loadClass(Ljava/lang/String;Z)Ljava/lang/Class; (122 bytes) @ 0x00007f3a09078b24 [0x00007f3a090776a0+0x1484]
J 262 C1 java.lang.ClassLoader.loadClass(Ljava/lang/String;)Ljava/lang/Class; (7 bytes) @ 0x00007f3a08d70e44 [0x00007f3a08d70d40+0x104]
v  ~StubRoutines::call_stub
j  net.sourceforge.ganttproject.GanttOptions.doSave(Ljava/io/OutputStream;)V+1265
j  net.sourceforge.ganttproject.GanttOptions.save()V+14
j  net.sourceforge.ganttproject.GanttProject.quitApplication()Z+59
j  net.sourceforge.ganttproject.GanttProject$3.windowClosing(Ljava/awt/event/WindowEvent;)V+4
j  java.awt.AWTEventMulticaster.windowClosing(Ljava/awt/event/WindowEvent;)V+8
j  java.awt.AWTEventMulticaster.windowClosing(Ljava/awt/event/WindowEvent;)V+8
j  java.awt.Window.processWindowEvent(Ljava/awt/event/WindowEvent;)V+68
j  javax.swing.JFrame.processWindowEvent(Ljava/awt/event/WindowEvent;)V+2
j  java.awt.Window.processEvent(Ljava/awt/AWTEvent;)V+69
J 3100 C1 java.awt.Component.dispatchEventImpl(Ljava/awt/AWTEvent;)V (883 bytes) @ 0x00007f3a094b7764 [0x00007f3a094b22c0+0x54a4]
J 2435 C1 java.awt.Container.dispatchEventImpl(Ljava/awt/AWTEvent;)V (129 bytes) @ 0x00007f3a09371ea4 [0x00007f3a09371d60+0x144]
J 3078 C1 java.awt.Window.dispatchEventImpl(Ljava/awt/AWTEvent;)V (23 bytes) @ 0x00007f3a08d3d684 [0x00007f3a08d3d0a0+0x5e4]
J 3386 C1 java.awt.EventQueue.dispatchEventImpl(Ljava/awt/AWTEvent;Ljava/lang/Object;)V (149 bytes) @ 0x00007f3a0909c96c [0x00007f3a0909b140+0x182c]
J 3038 C1 java.awt.EventQueue$3.run()Ljava/lang/Void; (60 bytes) @ 0x00007f3a08cfef44 [0x00007f3a08cfed40+0x204]
J 3037 C1 java.awt.EventQueue$3.run()Ljava/lang/Object; (5 bytes) @ 0x00007f3a0939348c [0x00007f3a09393400+0x8c]
v  ~StubRoutines::call_stub
J 1174  java.security.AccessController.doPrivileged(Ljava/security/PrivilegedAction;Ljava/security/AccessControlContext;)Ljava/lang/Object; (0 bytes) @ 0x00007f3a08fbef23 [0x00007f3a08fbeec0+0x63]
J 3128 C1 java.awt.EventQueue$4.run()Ljava/lang/Object; (5 bytes) @ 0x00007f3a08ddb5a4 [0x00007f3a08ddb180+0x424]
v  ~StubRoutines::call_stub
J 1174  java.security.AccessController.doPrivileged(Ljava/security/PrivilegedAction;Ljava/security/AccessControlContext;)Ljava/lang/Object; (0 bytes) @ 0x00007f3a08fbef23 [0x00007f3a08fbeec0+0x63]
J 3033 C1 java.awt.EventQueue.dispatchEvent(Ljava/awt/AWTEvent;)V (80 bytes) @ 0x00007f3a08e9d4f4 [0x00007f3a08e9c680+0xe74]
J 3080 C1 java.awt.EventDispatchThread.pumpOneEventForFilters(I)V (295 bytes) @ 0x00007f3a08d42f2c [0x00007f3a08d41280+0x1cac]
j  java.awt.EventDispatchThread.pumpEventsForFilter(ILjava/awt/Conditional;Ljava/awt/EventFilter;)V+35
j  java.awt.EventDispatchThread.pumpEventsForHierarchy(ILjava/awt/Conditional;Ljava/awt/Component;)V+11
j  java.awt.EventDispatchThread.pumpEvents(ILjava/awt/Conditional;)V+4
j  java.awt.EventDispatchThread.pumpEvents(Ljava/awt/Conditional;)V+3
j  java.awt.EventDispatchThread.run()V+9
v  ~StubRoutines::call_stub

---------------  P R O C E S S  ---------------

Java Threads: ( => current thread )
  0x00007f39cc474800 JavaThread "Timer-1" [_thread_blocked, id=7855, stack(0x00007f39c15f4000,0x00007f39c16f5000)]
  0x00007f39cc0b7000 JavaThread "Timer-0" [_thread_blocked, id=7854, stack(0x00007f39c16f5000,0x00007f39c17f6000)]
  0x00007f39cc3e1800 JavaThread "TimerQueue" daemon [_thread_blocked, id=7853, stack(0x00007f39d8053000,0x00007f39d8154000)]
  0x00007f39d4268000 JavaThread "pool-1-thread-1" [_thread_blocked, id=7849, stack(0x00007f39da29e000,0x00007f39da39f000)]
=>0x00007f39d437b000 JavaThread "AWT-EventQueue-0" [_thread_in_native, id=7846, stack(0x00007f39dadc2000,0x00007f39daec3000)]
  0x00007f39d4377800 JavaThread "AWT-Shutdown" [_thread_blocked, id=7845, stack(0x00007f39daec3000,0x00007f39dafc4000)]
  0x00007f39d427d000 JavaThread "AWT-XAWT" daemon [_thread_in_native, id=7843, stack(0x00007f39db9ee000,0x00007f39dbaef000)]
  0x00007f39d425e800 JavaThread "Java2D Disposer" daemon [_thread_blocked, id=7842, stack(0x00007f39dbeff000,0x00007f39dc000000)]
  0x00007f3a18009800 JavaThread "DestroyJavaVM" [_thread_blocked, id=7830, stack(0x00007f3a1eba4000,0x00007f3a1eca5000)]
  0x00007f3a18183000 JavaThread "Start" [_thread_blocked, id=7841, stack(0x00007f3a01e19000,0x00007f3a01f1a000)]
  0x00007f3a180b9800 JavaThread "Service Thread" daemon [_thread_blocked, id=7839, stack(0x00007f3a0201b000,0x00007f3a0211c000)]
  0x00007f3a180b6800 JavaThread "C1 CompilerThread1" daemon [_thread_blocked, id=7838, stack(0x00007f3a0211c000,0x00007f3a0221d000)]
  0x00007f3a180b4000 JavaThread "C2 CompilerThread0" daemon [_thread_in_native, id=7837, stack(0x00007f3a0221d000,0x00007f3a0231e000)]
  0x00007f3a180b2800 JavaThread "Signal Dispatcher" daemon [_thread_blocked, id=7836, stack(0x00007f3a0231e000,0x00007f3a0241f000)]
  0x00007f3a1807f800 JavaThread "Finalizer" daemon [_thread_blocked, id=7835, stack(0x00007f3a026f7000,0x00007f3a027f8000)]
  0x00007f3a1807b000 JavaThread "Reference Handler" daemon [_thread_blocked, id=7834, stack(0x00007f3a027f8000,0x00007f3a028f9000)]

Other Threads:
  0x00007f3a18073000 VMThread [stack: 0x00007f3a028f9000,0x00007f3a029fa000] [id=7833]
  0x00007f3a180bc800 WatcherThread [stack: 0x00007f3a01f1a000,0x00007f3a0201b000] [id=7840]

VM state:not at safepoint (normal execution)

VM Mutex/Monitor currently owned by a thread: None

Heap:
 PSYoungGen      total 78336K, used 37514K [0x00000000fab00000, 0x0000000100000000, 0x0000000100000000)
  eden space 69632K, 44% used [0x00000000fab00000,0x00000000fc97aaa0,0x00000000fef00000)
  from space 8704K, 72% used [0x00000000ff780000,0x00000000ffda8050,0x0000000100000000)
  to   space 8704K, 0% used [0x00000000fef00000,0x00000000fef00000,0x00000000ff780000)
 ParOldGen       total 37888K, used 16991K [0x00000000f0000000, 0x00000000f2500000, 0x00000000fab00000)
  object space 37888K, 44% used [0x00000000f0000000,0x00000000f1097c08,0x00000000f2500000)
 Metaspace       used 31523K, capacity 32114K, committed 32512K, reserved 1077248K
  class space    used 4127K, capacity 4329K, committed 4352K, reserved 1048576K

Card table byte_map: [0x00007f3a1eb23000,0x00007f3a1eba4000] byte_map_base: 0x00007f3a1e3a3000

Marking Bits: (ParMarkBitMap*) 0x00007f3a1e071c80
 Begin Bits: [0x00007f3a03800000, 0x00007f3a03c00000)
 End Bits:   [0x00007f3a03c00000, 0x00007f3a04000000)

Polling page: 0x00007f3a1ecc1000

CodeCache: size=245760Kb used=10844Kb max_used=10844Kb free=234915Kb
 bounds [0x00007f3a08bd3000, 0x00007f3a09683000, 0x00007f3a17bd3000]
 total_blobs=4142 nmethods=3457 adapters=598
 compilation: enabled

Compilation events (10 events):
Event: 135.699 Thread 0x00007f3a180b6800 nmethod 3749 0x00007f3a09669190 code [0x00007f3a09669300, 0x00007f3a09669468]
Event: 135.702 Thread 0x00007f3a180b6800 3751       3       com.sun.org.apache.xml.internal.serializer.WriterToUTF8Buffered::write (296 bytes)
Event: 135.703 Thread 0x00007f3a180b6800 nmethod 3751 0x00007f3a09671010 code [0x00007f3a096711c0, 0x00007f3a09671868]
Event: 135.703 Thread 0x00007f3a180b6800 3753  s    3       java.util.Vector::isEmpty (13 bytes)
Event: 135.703 Thread 0x00007f3a180b6800 nmethod 3753 0x00007f3a09671b90 code [0x00007f3a09671d00, 0x00007f3a09672010]
Event: 135.703 Thread 0x00007f3a180b6800 3752       1       org.xml.sax.helpers.AttributesImpl::getLength (5 bytes)
Event: 135.703 Thread 0x00007f3a180b6800 nmethod 3752 0x00007f3a096720d0 code [0x00007f3a09672220, 0x00007f3a09672330]
Event: 135.703 Thread 0x00007f3a180b6800 3754       3       com.sun.org.apache.xml.internal.serializer.CharInfo::isSpecialAttrChar (20 bytes)
Event: 135.703 Thread 0x00007f3a180b6800 nmethod 3754 0x00007f3a09672390 code [0x00007f3a09672500, 0x00007f3a09672708]
Event: 135.703 Thread 0x00007f3a180b6800 3756       3       com.sun.org.apache.xml.internal.serializer.WriterToUTF8Buffered::write (523 bytes)

GC Heap History (10 events):
Event: 3.237 GC heap before
{Heap before GC invocations=5 (full 1):
 PSYoungGen      total 34304K, used 31744K [0x00000000fab00000, 0x00000000fee00000, 0x0000000100000000)
  eden space 31744K, 100% used [0x00000000fab00000,0x00000000fca00000,0x00000000fca00000)
  from space 2560K, 0% used [0x00000000fca00000,0x00000000fca00000,0x00000000fcc80000)
  to   space 2560K, 0% used [0x00000000feb80000,0x00000000feb80000,0x00000000fee00000)
 ParOldGen       total 37888K, used 8468K [0x00000000f0000000, 0x00000000f2500000, 0x00000000fab00000)
  object space 37888K, 22% used [0x00000000f0000000,0x00000000f0845348,0x00000000f2500000)
 Metaspace       used 25183K, capacity 25692K, committed 26112K, reserved 1071104K
  class space    used 3327K, capacity 3509K, committed 3584K, reserved 1048576K
Event: 3.247 GC heap after
Heap after GC invocations=5 (full 1):
 PSYoungGen      total 47104K, used 2528K [0x00000000fab00000, 0x00000000fee00000, 0x0000000100000000)
  eden space 44544K, 0% used [0x00000000fab00000,0x00000000fab00000,0x00000000fd680000)
  from space 2560K, 98% used [0x00000000feb80000,0x00000000fedf8240,0x00000000fee00000)
  to   space 2560K, 0% used [0x00000000fe900000,0x00000000fe900000,0x00000000feb80000)
 ParOldGen       total 37888K, used 9135K [0x00000000f0000000, 0x00000000f2500000, 0x00000000fab00000)
  object space 37888K, 24% used [0x00000000f0000000,0x00000000f08ebda8,0x00000000f2500000)
 Metaspace       used 25183K, capacity 25692K, committed 26112K, reserved 1071104K
  class space    used 3327K, capacity 3509K, committed 3584K, reserved 1048576K
}
Event: 11.080 GC heap before
{Heap before GC invocations=6 (full 1):
 PSYoungGen      total 47104K, used 47072K [0x00000000fab00000, 0x00000000fee00000, 0x0000000100000000)
  eden space 44544K, 100% used [0x00000000fab00000,0x00000000fd680000,0x00000000fd680000)
  from space 2560K, 98% used [0x00000000feb80000,0x00000000fedf8240,0x00000000fee00000)
  to   space 2560K, 0% used [0x00000000fe900000,0x00000000fe900000,0x00000000feb80000)
 ParOldGen       total 37888K, used 9135K [0x00000000f0000000, 0x00000000f2500000, 0x00000000fab00000)
  object space 37888K, 24% used [0x00000000f0000000,0x00000000f08ebda8,0x00000000f2500000)
 Metaspace       used 28801K, capacity 29264K, committed 29696K, reserved 1075200K
  class space    used 3808K, capacity 4004K, committed 4096K, reserved 1048576K
Event: 11.103 GC heap after
Heap after GC invocations=6 (full 1):
 PSYoungGen      total 62464K, used 2548K [0x00000000fab00000, 0x00000000ff680000, 0x0000000100000000)
  eden space 59904K, 0% used [0x00000000fab00000,0x00000000fab00000,0x00000000fe580000)
  from space 2560K, 99% used [0x00000000fe900000,0x00000000feb7d298,0x00000000feb80000)
  to   space 8704K, 0% used [0x00000000fee00000,0x00000000fee00000,0x00000000ff680000)
 ParOldGen       total 37888K, used 13894K [0x00000000f0000000, 0x00000000f2500000, 0x00000000fab00000)
  object space 37888K, 36% used [0x00000000f0000000,0x00000000f0d91bf8,0x00000000f2500000)
 Metaspace       used 28801K, capacity 29264K, committed 29696K, reserved 1075200K
  class space    used 3808K, capacity 4004K, committed 4096K, reserved 1048576K
}
Event: 11.598 GC heap before
{Heap before GC invocations=7 (full 1):
 PSYoungGen      total 62464K, used 62452K [0x00000000fab00000, 0x00000000ff680000, 0x0000000100000000)
  eden space 59904K, 100% used [0x00000000fab00000,0x00000000fe580000,0x00000000fe580000)
  from space 2560K, 99% used [0x00000000fe900000,0x00000000feb7d298,0x00000000feb80000)
  to   space 8704K, 0% used [0x00000000fee00000,0x00000000fee00000,0x00000000ff680000)
 ParOldGen       total 37888K, used 13894K [0x00000000f0000000, 0x00000000f2500000, 0x00000000fab00000)
  object space 37888K, 36% used [0x00000000f0000000,0x00000000f0d91bf8,0x00000000f2500000)
 Metaspace       used 29244K, capacity 29776K, committed 30208K, reserved 1075200K
  class space    used 3878K, capacity 4068K, committed 4096K, reserved 1048576K
Event: 11.612 GC heap after
Heap after GC invocations=7 (full 1):
 PSYoungGen      total 68608K, used 2592K [0x00000000fab00000, 0x0000000100000000, 0x0000000100000000)
  eden space 59904K, 0% used [0x00000000fab00000,0x00000000fab00000,0x00000000fe580000)
  from space 8704K, 29% used [0x00000000fee00000,0x00000000ff088020,0x00000000ff680000)
  to   space 8704K, 0% used [0x00000000fe580000,0x00000000fe580000,0x00000000fee00000)
 ParOldGen       total 37888K, used 13902K [0x00000000f0000000, 0x00000000f2500000, 0x00000000fab00000)
  object space 37888K, 36% used [0x00000000f0000000,0x00000000f0d93bf8,0x00000000f2500000)
 Metaspace       used 29244K, capacity 29776K, committed 30208K, reserved 1075200K
  class space    used 3878K, capacity 4068K, committed 4096K, reserved 1048576K
}
Event: 12.191 GC heap before
{Heap before GC invocations=8 (full 1):
 PSYoungGen      total 68608K, used 62496K [0x00000000fab00000, 0x0000000100000000, 0x0000000100000000)
  eden space 59904K, 100% used [0x00000000fab00000,0x00000000fe580000,0x00000000fe580000)
  from space 8704K, 29% used [0x00000000fee00000,0x00000000ff088020,0x00000000ff680000)
  to   space 8704K, 0% used [0x00000000fe580000,0x00000000fe580000,0x00000000fee00000)
 ParOldGen       total 37888K, used 13902K [0x00000000f0000000, 0x00000000f2500000, 0x00000000fab00000)
  object space 37888K, 36% used [0x00000000f0000000,0x00000000f0d93bf8,0x00000000f2500000)
 Metaspace       used 29591K, capacity 30068K, committed 30592K, reserved 1075200K
  class space    used 3924K, capacity 4100K, committed 4224K, reserved 1048576K
Event: 12.201 GC heap after
Heap after GC invocations=8 (full 1):
 PSYoungGen      total 68608K, used 2560K [0x00000000fab00000, 0x0000000100000000, 0x0000000100000000)
  eden space 59904K, 0% used [0x00000000fab00000,0x00000000fab00000,0x00000000fe580000)
  from space 8704K, 29% used [0x00000000fe580000,0x00000000fe800020,0x00000000fee00000)
  to   space 8704K, 0% used [0x00000000ff780000,0x00000000ff780000,0x0000000100000000)
 ParOldGen       total 37888K, used 13910K [0x00000000f0000000, 0x00000000f2500000, 0x00000000fab00000)
  object space 37888K, 36% used [0x00000000f0000000,0x00000000f0d95bf8,0x00000000f2500000)
 Metaspace       used 29591K, capacity 30068K, committed 30592K, reserved 1075200K
  class space    used 3924K, capacity 4100K, committed 4224K, reserved 1048576K
}
Event: 15.750 GC heap before
{Heap before GC invocations=9 (full 1):
 PSYoungGen      total 68608K, used 62464K [0x00000000fab00000, 0x0000000100000000, 0x0000000100000000)
  eden space 59904K, 100% used [0x00000000fab00000,0x00000000fe580000,0x00000000fe580000)
  from space 8704K, 29% used [0x00000000fe580000,0x00000000fe800020,0x00000000fee00000)
  to   space 8704K, 0% used [0x00000000ff780000,0x00000000ff780000,0x0000000100000000)
 ParOldGen       total 37888K, used 13910K [0x00000000f0000000, 0x00000000f2500000, 0x00000000fab00000)
  object space 37888K, 36% used [0x00000000f0000000,0x00000000f0d95bf8,0x00000000f2500000)
 Metaspace       used 30756K, capacity 31244K, committed 31744K, reserved 1077248K
  class space    used 4049K, capacity 4232K, committed 4352K, reserved 1048576K
Event: 15.769 GC heap after
Heap after GC invocations=9 (full 1):
 PSYoungGen      total 78336K, used 6304K [0x00000000fab00000, 0x0000000100000000, 0x0000000100000000)
  eden space 69632K, 0% used [0x00000000fab00000,0x00000000fab00000,0x00000000fef00000)
  from space 8704K, 72% used [0x00000000ff780000,0x00000000ffda8050,0x0000000100000000)
  to   space 8704K, 0% used [0x00000000fef00000,0x00000000fef00000,0x00000000ff780000)
 ParOldGen       total 37888K, used 16991K [0x00000000f0000000, 0x00000000f2500000, 0x00000000fab00000)
  object space 37888K, 44% used [0x00000000f0000000,0x00000000f1097c08,0x00000000f2500000)
 Metaspace       used 30756K, capacity 31244K, committed 31744K, reserved 1077248K
  class space    used 4049K, capacity 4232K, committed 4352K, reserved 1048576K
}

Deoptimization events (10 events):
Event: 11.886 Thread 0x00007f39d433f000 Uncommon trap: reason=unstable_if action=reinterpret pc=0x00007f3a08cdf884 method=com.itextpdf.text.pdf.TrueTypeFont.getGlyphWidth(I)I @ 6
Event: 15.707 Thread 0x00007f39d437b000 Uncommon trap: reason=class_check action=maybe_recompile pc=0x00007f3a0953992c method=javax.swing.RepaintManager.addDirtyRegion0(Ljava/awt/Container;IIII)V @ 99
Event: 15.708 Thread 0x00007f39d437b000 Uncommon trap: reason=class_check action=maybe_recompile pc=0x00007f3a0953992c method=javax.swing.RepaintManager.addDirtyRegion0(Ljava/awt/Container;IIII)V @ 99
Event: 15.708 Thread 0x00007f39d437b000 Uncommon trap: reason=class_check action=maybe_recompile pc=0x00007f3a0953992c method=javax.swing.RepaintManager.addDirtyRegion0(Ljava/awt/Container;IIII)V @ 99
Event: 15.708 Thread 0x00007f39d437b000 Uncommon trap: reason=class_check action=maybe_recompile pc=0x00007f3a0953992c method=javax.swing.RepaintManager.addDirtyRegion0(Ljava/awt/Container;IIII)V @ 99
Event: 15.899 Thread 0x00007f39d437b000 Uncommon trap: reason=unstable_if action=reinterpret pc=0x00007f3a095b8024 method=sun.awt.image.OffScreenImageSource.sendPixels()V @ 663
Event: 135.668 Thread 0x00007f39d437b000 Uncommon trap: reason=bimorphic action=maybe_recompile pc=0x00007f3a090c786c method=java.util.Properties$LineReader.readLine()I @ 62
Event: 135.668 Thread 0x00007f39d437b000 Uncommon trap: reason=bimorphic action=maybe_recompile pc=0x00007f3a090c786c method=java.util.Properties$LineReader.readLine()I @ 62
Event: 135.671 Thread 0x00007f39d437b000 Uncommon trap: reason=bimorphic action=maybe_recompile pc=0x00007f3a090c786c method=java.util.Properties$LineReader.readLine()I @ 62
Event: 135.671 Thread 0x00007f39d437b000 Uncommon trap: reason=bimorphic action=maybe_recompile pc=0x00007f3a090c786c method=java.util.Properties$LineReader.readLine()I @ 62

Internal exceptions (10 events):
Event: 1.400 Thread 0x00007f39d437b000 Exception <a 'java/lang/UnsupportedOperationException': > (0x00000000fb3f0450) thrown at [/HUDSON3/workspace/8-2-build-linux-amd64/jdk8u121/8372/hotspot/src/share/vm/prims/jni.cpp, line 735]
Event: 2.215 Thread 0x00007f39d437b000 Implicit null exception at 0x00007f3a08df00ef to 0x00007f3a08df0159
Event: 3.991 Thread 0x00007f39d437b000 Implicit null exception at 0x00007f3a09256ee1 to 0x00007f3a09257b91
Event: 4.089 Thread 0x00007f39d437b000 Exception <a 'java/lang/NullPointerException'> (0x00000000fbfeecb8) thrown at [/HUDSON3/workspace/8-2-build-linux-amd64/jdk8u121/8372/hotspot/src/share/vm/interpreter/linkResolver.cpp, line 1178]
Event: 4.173 Thread 0x00007f39d437b000 Exception <a 'java/lang/NullPointerException'> (0x00000000fc11e7e0) thrown at [/HUDSON3/workspace/8-2-build-linux-amd64/jdk8u121/8372/hotspot/src/share/vm/interpreter/linkResolver.cpp, line 1178]
Event: 4.414 Thread 0x00007f39d437b000 Exception <a 'java/lang/UnsupportedOperationException': > (0x00000000fc2bcb58) thrown at [/HUDSON3/workspace/8-2-build-linux-amd64/jdk8u121/8372/hotspot/src/share/vm/prims/jni.cpp, line 735]
Event: 10.795 Thread 0x00007f39d433f000 Exception <a 'java/lang/NullPointerException'> (0x00000000fc7df2c0) thrown at [/HUDSON3/workspace/8-2-build-linux-amd64/jdk8u121/8372/hotspot/src/share/vm/interpreter/linkResolver.cpp, line 1178]
Event: 12.014 Thread 0x00007f39d437b000 Exception <a 'java/lang/UnsupportedOperationException': > (0x00000000fac176f8) thrown at [/HUDSON3/workspace/8-2-build-linux-amd64/jdk8u121/8372/hotspot/src/share/vm/prims/jni.cpp, line 735]
Event: 13.979 Thread 0x00007f39d437b000 Exception <a 'java/lang/NullPointerException'> (0x00000000fe0caf98) thrown at [/HUDSON3/workspace/8-2-build-linux-amd64/jdk8u121/8372/hotspot/src/share/vm/interpreter/linkResolver.cpp, line 1178]
Event: 16.032 Thread 0x00007f39d437b000 Exception <a 'java/lang/UnsupportedOperationException': > (0x00000000fc614488) thrown at [/HUDSON3/workspace/8-2-build-linux-amd64/jdk8u121/8372/hotspot/src/share/vm/prims/jni.cpp, line 735]

Events (10 events):
Event: 135.700 loading class com/google/common/escape/ArrayBasedCharEscaper
Event: 135.700 loading class com/google/common/escape/ArrayBasedCharEscaper done
Event: 135.701 loading class com/google/common/escape/ArrayBasedEscaperMap
Event: 135.701 loading class com/google/common/escape/ArrayBasedEscaperMap done
Event: 135.702 loading class com/google/common/escape/Escaper
Event: 135.702 loading class com/google/common/escape/Escaper done
Event: 135.703 loading class net/sourceforge/ganttproject/io/OptionSaver
Event: 135.703 loading class net/sourceforge/ganttproject/io/OptionSaver done
Event: 135.703 loading class net/sourceforge/ganttproject/io/OptionSaver
Event: 135.703 loading class net/sourceforge/ganttproject/io/OptionSaver done


Dynamic libraries:
00400000-00401000 r-xp 00000000 08:06 18745109                           /lib/jdk/bin/java
00600000-00601000 rw-p 00000000 08:06 18745109                           /lib/jdk/bin/java
01d8b000-01dac000 rw-p 00000000 00:00 0                                  [heap]
f0000000-f2500000 rw-p 00000000 00:00 0 
f2500000-fab00000 ---p 00000000 00:00 0 
fab00000-100000000 rw-p 00000000 00:00 0 
100000000-100440000 rw-p 00000000 00:00 0 
100440000-140000000 ---p 00000000 00:00 0 
7f39c098a000-7f39c09b4000 r-xp 00000000 08:06 18745198                   /lib/jdk/jre/lib/amd64/libdcpr.so
7f39c09b4000-7f39c0bb4000 ---p 0002a000 08:06 18745198                   /lib/jdk/jre/lib/amd64/libdcpr.so
7f39c0bb4000-7f39c0bb7000 rw-p 0002a000 08:06 18745198                   /lib/jdk/jre/lib/amd64/libdcpr.so
7f39c0bb7000-7f39c0bf2000 r-xp 00000000 08:06 18745189                   /lib/jdk/jre/lib/amd64/libjpeg.so
7f39c0bf2000-7f39c0df1000 ---p 0003b000 08:06 18745189                   /lib/jdk/jre/lib/amd64/libjpeg.so
7f39c0df1000-7f39c0df2000 rw-p 0003a000 08:06 18745189                   /lib/jdk/jre/lib/amd64/libjpeg.so
7f39c0df2000-7f39c0f72000 rw-p 00000000 00:00 0 
7f39c0f72000-7f39c0ff5000 ---p 00000000 00:00 0 
7f39c0ff5000-7f39c10f3000 rw-p 00000000 00:00 0 
7f39c10f3000-7f39c10f6000 ---p 00000000 00:00 0 
7f39c10f6000-7f39c13f4000 rw-p 00000000 00:00 0 
7f39c13f4000-7f39c15f4000 rw-p 00000000 00:00 0 
7f39c15f4000-7f39c15f7000 ---p 00000000 00:00 0 
7f39c15f7000-7f39c16f5000 rw-p 00000000 00:00 0 
7f39c16f5000-7f39c16f8000 ---p 00000000 00:00 0 
7f39c16f8000-7f39c19f6000 rw-p 00000000 00:00 0 
7f39c19f6000-7f39c19f7000 ---p 00000000 00:00 0 
7f39c19f7000-7f39c21f7000 rw-p 00000000 00:00 0 
7f39c21f7000-7f39c21f8000 ---p 00000000 00:00 0 
7f39c21f8000-7f39c29f8000 rw-p 00000000 00:00 0 
7f39c29f8000-7f39c2a2e000 r-xp 00000000 08:06 20974747                   /usr/lib/x86_64-linux-gnu/gvfs/libgvfscommon.so
7f39c2a2e000-7f39c2c2e000 ---p 00036000 08:06 20974747                   /usr/lib/x86_64-linux-gnu/gvfs/libgvfscommon.so
7f39c2c2e000-7f39c2c33000 r--p 00036000 08:06 20974747                   /usr/lib/x86_64-linux-gnu/gvfs/libgvfscommon.so
7f39c2c33000-7f39c2c34000 rw-p 0003b000 08:06 20974747                   /usr/lib/x86_64-linux-gnu/gvfs/libgvfscommon.so
7f39c2c34000-7f39c2c64000 r-xp 00000000 08:06 21102909                   /usr/lib/x86_64-linux-gnu/gio/modules/libgvfsdbus.so
7f39c2c64000-7f39c2e63000 ---p 00030000 08:06 21102909                   /usr/lib/x86_64-linux-gnu/gio/modules/libgvfsdbus.so
7f39c2e63000-7f39c2e64000 r--p 0002f000 08:06 21102909                   /usr/lib/x86_64-linux-gnu/gio/modules/libgvfsdbus.so
7f39c2e64000-7f39c2e65000 rw-p 00030000 08:06 21102909                   /usr/lib/x86_64-linux-gnu/gio/modules/libgvfsdbus.so
7f39c2e65000-7f39c2e66000 rw-p 00000000 00:00 0 
7f39c2e66000-7f39c2e67000 ---p 00000000 00:00 0 
7f39c2e67000-7f39c3667000 rw-p 00000000 00:00 0 
7f39c3667000-7f39c3672000 r-xp 00000000 08:06 21102904                   /usr/lib/x86_64-linux-gnu/gio/modules/libdconfsettings.so
7f39c3672000-7f39c3872000 ---p 0000b000 08:06 21102904                   /usr/lib/x86_64-linux-gnu/gio/modules/libdconfsettings.so
7f39c3872000-7f39c3873000 r--p 0000b000 08:06 21102904                   /usr/lib/x86_64-linux-gnu/gio/modules/libdconfsettings.so
7f39c3873000-7f39c3874000 rw-p 0000c000 08:06 21102904                   /usr/lib/x86_64-linux-gnu/gio/modules/libdconfsettings.so
7f39c3874000-7f39c387b000 r-xp 00000000 08:06 20718259                   /usr/lib/x86_64-linux-gnu/libogg.so.0.8.2
7f39c387b000-7f39c3a7b000 ---p 00007000 08:06 20718259                   /usr/lib/x86_64-linux-gnu/libogg.so.0.8.2
7f39c3a7b000-7f39c3a7c000 r--p 00007000 08:06 20718259                   /usr/lib/x86_64-linux-gnu/libogg.so.0.8.2
7f39c3a7c000-7f39c3a7d000 rw-p 00008000 08:06 20718259                   /usr/lib/x86_64-linux-gnu/libogg.so.0.8.2
7f39c3a7d000-7f39c3aa7000 r-xp 00000000 08:06 20718607                   /usr/lib/x86_64-linux-gnu/libvorbis.so.0.4.8
7f39c3aa7000-7f39c3ca7000 ---p 0002a000 08:06 20718607                   /usr/lib/x86_64-linux-gnu/libvorbis.so.0.4.8
7f39c3ca7000-7f39c3ca8000 r--p 0002a000 08:06 20718607                   /usr/lib/x86_64-linux-gnu/libvorbis.so.0.4.8
7f39c3ca8000-7f39c3ca9000 rw-p 0002b000 08:06 20718607                   /usr/lib/x86_64-linux-gnu/libvorbis.so.0.4.8
7f39c3ca9000-7f39c3cb2000 r-xp 00000000 08:06 20718126                   /usr/lib/x86_64-linux-gnu/libltdl.so.7.3.1
7f39c3cb2000-7f39c3eb1000 ---p 00009000 08:06 20718126                   /usr/lib/x86_64-linux-gnu/libltdl.so.7.3.1
7f39c3eb1000-7f39c3eb2000 r--p 00008000 08:06 20718126                   /usr/lib/x86_64-linux-gnu/libltdl.so.7.3.1
7f39c3eb2000-7f39c3eb3000 rw-p 00009000 08:06 20718126                   /usr/lib/x86_64-linux-gnu/libltdl.so.7.3.1
7f39c3eb3000-7f39c3ec7000 r-xp 00000000 08:06 20718500                   /usr/lib/x86_64-linux-gnu/libtdb.so.1.3.8
7f39c3ec7000-7f39c40c6000 ---p 00014000 08:06 20718500                   /usr/lib/x86_64-linux-gnu/libtdb.so.1.3.8
7f39c40c6000-7f39c40c7000 r--p 00013000 08:06 20718500                   /usr/lib/x86_64-linux-gnu/libtdb.so.1.3.8
7f39c40c7000-7f39c40c8000 rw-p 00014000 08:06 20718500                   /usr/lib/x86_64-linux-gnu/libtdb.so.1.3.8
7f39c40c8000-7f39c40cf000 r-xp 00000000 08:06 20718611                   /usr/lib/x86_64-linux-gnu/libvorbisfile.so.3.3.7
7f39c40cf000-7f39c42cf000 ---p 00007000 08:06 20718611                   /usr/lib/x86_64-linux-gnu/libvorbisfile.so.3.3.7
7f39c42cf000-7f39c42d0000 r--p 00007000 08:06 20718611                   /usr/lib/x86_64-linux-gnu/libvorbisfile.so.3.3.7
7f39c42d0000-7f39c42d1000 rw-p 00008000 08:06 20718611                   /usr/lib/x86_64-linux-gnu/libvorbisfile.so.3.3.7
7f39c42d1000-7f39c42e1000 r-xp 00000000 08:06 20717523                   /usr/lib/x86_64-linux-gnu/libcanberra.so.0.2.5
7f39c42e1000-7f39c44e0000 ---p 00010000 08:06 20717523                   /usr/lib/x86_64-linux-gnu/libcanberra.so.0.2.5
7f39c44e0000-7f39c44e1000 r--p 0000f000 08:06 20717523                   /usr/lib/x86_64-linux-gnu/libcanberra.so.0.2.5
7f39c44e1000-7f39c44e2000 rw-p 00010000 08:06 20717523                   /usr/lib/x86_64-linux-gnu/libcanberra.so.0.2.5
7f39c44e2000-7f39c44e6000 r-xp 00000000 08:06 20717519                   /usr/lib/x86_64-linux-gnu/libcanberra-gtk.so.0.1.9
7f39c44e6000-7f39c46e5000 ---p 00004000 08:06 20717519                   /usr/lib/x86_64-linux-gnu/libcanberra-gtk.so.0.1.9
7f39c46e5000-7f39c46e6000 r--p 00003000 08:06 20717519                   /usr/lib/x86_64-linux-gnu/libcanberra-gtk.so.0.1.9
7f39c46e6000-7f39c46e7000 rw-p 00004000 08:06 20717519                   /usr/lib/x86_64-linux-gnu/libcanberra-gtk.so.0.1.9
7f39c46e7000-7f39c46ec000 r-xp 00000000 08:06 21102937                   /usr/lib/x86_64-linux-gnu/gtk-2.0/modules/libcanberra-gtk-module.so
7f39c46ec000-7f39c48eb000 ---p 00005000 08:06 21102937                   /usr/lib/x86_64-linux-gnu/gtk-2.0/modules/libcanberra-gtk-module.so
7f39c48eb000-7f39c48ec000 r--p 00004000 08:06 21102937                   /usr/lib/x86_64-linux-gnu/gtk-2.0/modules/libcanberra-gtk-module.so
7f39c48ec000-7f39c48ed000 rw-p 00005000 08:06 21102937                   /usr/lib/x86_64-linux-gnu/gtk-2.0/modules/libcanberra-gtk-module.so
7f39c48ed000-7f39c491d000 r-xp 00000000 08:06 21105562                   /usr/lib/x86_64-linux-gnu/gtk-2.0/2.10.0/engines/libmurrine.so
7f39c491d000-7f39c4b1d000 ---p 00030000 08:06 21105562                   /usr/lib/x86_64-linux-gnu/gtk-2.0/2.10.0/engines/libmurrine.so
7f39c4b1d000-7f39c4b1e000 r--p 00030000 08:06 21105562                   /usr/lib/x86_64-linux-gnu/gtk-2.0/2.10.0/engines/libmurrine.so
7f39c4b1e000-7f39c4b1f000 rw-p 00031000 08:06 21105562                   /usr/lib/x86_64-linux-gnu/gtk-2.0/2.10.0/engines/libmurrine.so
7f39c4b1f000-7f39c4b30000 r-xp 00000000 08:06 21104896                   /usr/lib/x86_64-linux-gnu/gtk-2.0/modules/liboverlay-scrollbar.so
7f39c4b30000-7f39c4d30000 ---p 00011000 08:06 21104896                   /usr/lib/x86_64-linux-gnu/gtk-2.0/modules/liboverlay-scrollbar.so
7f39c4d30000-7f39c4d31000 r--p 00011000 08:06 21104896                   /usr/lib/x86_64-linux-gnu/gtk-2.0/modules/liboverlay-scrollbar.so
7f39c4d31000-7f39c4d32000 rw-p 00012000 08:06 21104896                   /usr/lib/x86_64-linux-gnu/gtk-2.0/modules/liboverlay-scrollbar.so
7f39c4d32000-7f39c4d33000 r-xp 00000000 08:06 20709794                   /usr/lib/x86_64-linux-gnu/libgthread-2.0.so.0.4800.2
7f39c4d33000-7f39c4f32000 ---p 00001000 08:06 20709794                   /usr/lib/x86_64-linux-gnu/libgthread-2.0.so.0.4800.2
7f39c4f32000-7f39c4f33000 r--p 00000000 08:06 20709794                   /usr/lib/x86_64-linux-gnu/libgthread-2.0.so.0.4800.2
7f39c4f33000-7f39c4f34000 rw-p 00001000 08:06 20709794                   /usr/lib/x86_64-linux-gnu/libgthread-2.0.so.0.4800.2
7f39c4f34000-7f39c4f3a000 r-xp 00000000 08:06 20717606                   /usr/lib/x86_64-linux-gnu/libdatrie.so.1.3.3
7f39c4f3a000-7f39c513a000 ---p 00006000 08:06 20717606                   /usr/lib/x86_64-linux-gnu/libdatrie.so.1.3.3
7f39c513a000-7f39c513b000 r--p 00006000 08:06 20717606                   /usr/lib/x86_64-linux-gnu/libdatrie.so.1.3.3
7f39c513b000-7f39c513c000 rw-p 00007000 08:06 20717606                   /usr/lib/x86_64-linux-gnu/libdatrie.so.1.3.3
7f39c513c000-7f39c515f000 r-xp 00000000 08:06 20717910                   /usr/lib/x86_64-linux-gnu/libgraphite2.so.3.0.1
7f39c515f000-7f39c535e000 ---p 00023000 08:06 20717910                   /usr/lib/x86_64-linux-gnu/libgraphite2.so.3.0.1
7f39c535e000-7f39c5360000 r--p 00022000 08:06 20717910                   /usr/lib/x86_64-linux-gnu/libgraphite2.so.3.0.1
7f39c5360000-7f39c5361000 rw-p 00024000 08:06 20717910                   /usr/lib/x86_64-linux-gnu/libgraphite2.so.3.0.1
7f39c5361000-7f39c5387000 r-xp 00000000 08:06 2888073                    /lib/x86_64-linux-gnu/libexpat.so.1.6.0
7f39c5387000-7f39c5587000 ---p 00026000 08:06 2888073                    /lib/x86_64-linux-gnu/libexpat.so.1.6.0
7f39c5587000-7f39c5589000 r--p 00026000 08:06 2888073                    /lib/x86_64-linux-gnu/libexpat.so.1.6.0
7f39c5589000-7f39c558a000 rw-p 00028000 08:06 2888073                    /lib/x86_64-linux-gnu/libexpat.so.1.6.0
7f39c558a000-7f39c55f8000 r-xp 00000000 08:06 2888171                    /lib/x86_64-linux-gnu/libpcre.so.3.13.2
7f39c55f8000-7f39c57f8000 ---p 0006e000 08:06 2888171                    /lib/x86_64-linux-gnu/libpcre.so.3.13.2
7f39c57f8000-7f39c57f9000 r--p 0006e000 08:06 2888171                    /lib/x86_64-linux-gnu/libpcre.so.3.13.2
7f39c57f9000-7f39c57fa000 rw-p 0006f000 08:06 2888171                    /lib/x86_64-linux-gnu/libpcre.so.3.13.2
7f39c57fa000-7f39c5801000 r-xp 00000000 08:06 20717735                   /usr/lib/x86_64-linux-gnu/libffi.so.6.0.4
7f39c5801000-7f39c5a00000 ---p 00007000 08:06 20717735                   /usr/lib/x86_64-linux-gnu/libffi.so.6.0.4
7f39c5a00000-7f39c5a01000 r--p 00006000 08:06 20717735                   /usr/lib/x86_64-linux-gnu/libffi.so.6.0.4
7f39c5a01000-7f39c5a02000 rw-p 00007000 08:06 20717735                   /usr/lib/x86_64-linux-gnu/libffi.so.6.0.4
7f39c5a02000-7f39c5a0a000 r-xp 00000000 08:06 20718508                   /usr/lib/x86_64-linux-gnu/libthai.so.0.2.4
7f39c5a0a000-7f39c5c09000 ---p 00008000 08:06 20718508                   /usr/lib/x86_64-linux-gnu/libthai.so.0.2.4
7f39c5c09000-7f39c5c0a000 r--p 00007000 08:06 20718508                   /usr/lib/x86_64-linux-gnu/libthai.so.0.2.4
7f39c5c0a000-7f39c5c0b000 rw-p 00008000 08:06 20718508                   /usr/lib/x86_64-linux-gnu/libthai.so.0.2.4
7f39c5c0b000-7f39c5c67000 r-xp 00000000 08:06 20714200                   /usr/lib/x86_64-linux-gnu/libharfbuzz.so.0.10000.1
7f39c5c67000-7f39c5e67000 ---p 0005c000 08:06 20714200                   /usr/lib/x86_64-linux-gnu/libharfbuzz.so.0.10000.1
7f39c5e67000-7f39c5e68000 r--p 0005c000 08:06 20714200                   /usr/lib/x86_64-linux-gnu/libharfbuzz.so.0.10000.1
7f39c5e68000-7f39c5e69000 rw-p 0005d000 08:06 20714200                   /usr/lib/x86_64-linux-gnu/libharfbuzz.so.0.10000.1
7f39c5e69000-7f39c5e80000 r-xp 00000000 08:06 2883819                    /lib/x86_64-linux-gnu/libresolv-2.23.so
7f39c5e80000-7f39c6080000 ---p 00017000 08:06 2883819                    /lib/x86_64-linux-gnu/libresolv-2.23.so
7f39c6080000-7f39c6081000 r--p 00017000 08:06 2883819                    /lib/x86_64-linux-gnu/libresolv-2.23.so
7f39c6081000-7f39c6082000 rw-p 00018000 08:06 2883819                    /lib/x86_64-linux-gnu/libresolv-2.23.so
7f39c6082000-7f39c6084000 rw-p 00000000 00:00 0 
7f39c6084000-7f39c60a3000 r-xp 00000000 08:06 2888200                    /lib/x86_64-linux-gnu/libselinux.so.1
7f39c60a3000-7f39c62a2000 ---p 0001f000 08:06 2888200                    /lib/x86_64-linux-gnu/libselinux.so.1
7f39c62a2000-7f39c62a3000 r--p 0001e000 08:06 2888200                    /lib/x86_64-linux-gnu/libselinux.so.1
7f39c62a3000-7f39c62a4000 rw-p 0001f000 08:06 2888200                    /lib/x86_64-linux-gnu/libselinux.so.1
7f39c62a4000-7f39c62a6000 rw-p 00000000 00:00 0 
7f39c62a6000-7f39c62bf000 r-xp 00000000 08:06 2888233                    /lib/x86_64-linux-gnu/libz.so.1.2.8
7f39c62bf000-7f39c64be000 ---p 00019000 08:06 2888233                    /lib/x86_64-linux-gnu/libz.so.1.2.8
7f39c64be000-7f39c64bf000 r--p 00018000 08:06 2888233                    /lib/x86_64-linux-gnu/libz.so.1.2.8
7f39c64bf000-7f39c64c0000 rw-p 00019000 08:06 2888233                    /lib/x86_64-linux-gnu/libz.so.1.2.8
7f39c64c0000-7f39c64c8000 r-xp 00000000 08:06 20718716                   /usr/lib/x86_64-linux-gnu/libxcb-render.so.0.0.0
7f39c64c8000-7f39c66c8000 ---p 00008000 08:06 20718716                   /usr/lib/x86_64-linux-gnu/libxcb-render.so.0.0.0
7f39c66c8000-7f39c66c9000 r--p 00008000 08:06 20718716                   /usr/lib/x86_64-linux-gnu/libxcb-render.so.0.0.0
7f39c66c9000-7f39c66ca000 rw-p 00009000 08:06 20718716                   /usr/lib/x86_64-linux-gnu/libxcb-render.so.0.0.0
7f39c66ca000-7f39c66cc000 r-xp 00000000 08:06 20718720                   /usr/lib/x86_64-linux-gnu/libxcb-shm.so.0.0.0
7f39c66cc000-7f39c68cc000 ---p 00002000 08:06 20718720                   /usr/lib/x86_64-linux-gnu/libxcb-shm.so.0.0.0
7f39c68cc000-7f39c68cd000 r--p 00002000 08:06 20718720                   /usr/lib/x86_64-linux-gnu/libxcb-shm.so.0.0.0
7f39c68cd000-7f39c68ce000 rw-p 00003000 08:06 20718720                   /usr/lib/x86_64-linux-gnu/libxcb-shm.so.0.0.0
7f39c68ce000-7f39c68f2000 r-xp 00000000 08:06 2888183                    /lib/x86_64-linux-gnu/libpng12.so.0.54.0
7f39c68f2000-7f39c6af1000 ---p 00024000 08:06 2888183                    /lib/x86_64-linux-gnu/libpng12.so.0.54.0
7f39c6af1000-7f39c6af2000 r--p 00023000 08:06 2888183                    /lib/x86_64-linux-gnu/libpng12.so.0.54.0
7f39c6af2000-7f39c6af3000 rw-p 00024000 08:06 2888183                    /lib/x86_64-linux-gnu/libpng12.so.0.54.0
7f39c6af3000-7f39c6b92000 r-xp 00000000 08:06 20718313                   /usr/lib/x86_64-linux-gnu/libpixman-1.so.0.33.6
7f39c6b92000-7f39c6d92000 ---p 0009f000 08:06 20718313                   /usr/lib/x86_64-linux-gnu/libpixman-1.so.0.33.6
7f39c6d92000-7f39c6d9a000 r--p 0009f000 08:06 20718313                   /usr/lib/x86_64-linux-gnu/libpixman-1.so.0.33.6
7f39c6d9a000-7f39c6d9b000 rw-p 000a7000 08:06 20718313                   /usr/lib/x86_64-linux-gnu/libpixman-1.so.0.33.6
7f39c6d9b000-7f39c6e3f000 r-xp 00000000 08:06 20710172                   /usr/lib/x86_64-linux-gnu/libfreetype.so.6.12.1
7f39c6e3f000-7f39c703e000 ---p 000a4000 08:06 20710172                   /usr/lib/x86_64-linux-gnu/libfreetype.so.6.12.1
7f39c703e000-7f39c7044000 r--p 000a3000 08:06 20710172                   /usr/lib/x86_64-linux-gnu/libfreetype.so.6.12.1
7f39c7044000-7f39c7045000 rw-p 000a9000 08:06 20710172                   /usr/lib/x86_64-linux-gnu/libfreetype.so.6.12.1
7f39c7045000-7f39c7047000 r-xp 00000000 08:06 20717361                   /usr/lib/x86_64-linux-gnu/libXdamage.so.1.1.0
7f39c7047000-7f39c7246000 ---p 00002000 08:06 20717361                   /usr/lib/x86_64-linux-gnu/libXdamage.so.1.1.0
7f39c7246000-7f39c7247000 r--p 00001000 08:06 20717361                   /usr/lib/x86_64-linux-gnu/libXdamage.so.1.1.0
7f39c7247000-7f39c7248000 rw-p 00002000 08:06 20717361                   /usr/lib/x86_64-linux-gnu/libXdamage.so.1.1.0
7f39c7248000-7f39c724a000 r-xp 00000000 08:06 20717357                   /usr/lib/x86_64-linux-gnu/libXcomposite.so.1.0.0
7f39c724a000-7f39c7449000 ---p 00002000 08:06 20717357                   /usr/lib/x86_64-linux-gnu/libXcomposite.so.1.0.0
7f39c7449000-7f39c744a000 r--p 00001000 08:06 20717357                   /usr/lib/x86_64-linux-gnu/libXcomposite.so.1.0.0
7f39c744a000-7f39c744b000 rw-p 00002000 08:06 20717357                   /usr/lib/x86_64-linux-gnu/libXcomposite.so.1.0.0
7f39c744b000-7f39c7455000 r-xp 00000000 08:06 20717383                   /usr/lib/x86_64-linux-gnu/libXrandr.so.2.2.0
7f39c7455000-7f39c7654000 ---p 0000a000 08:06 20717383                   /usr/lib/x86_64-linux-gnu/libXrandr.so.2.2.0
7f39c7654000-7f39c7655000 r--p 00009000 08:06 20717383                   /usr/lib/x86_64-linux-gnu/libXrandr.so.2.2.0
7f39c7655000-7f39c7656000 rw-p 0000a000 08:06 20717383                   /usr/lib/x86_64-linux-gnu/libXrandr.so.2.2.0
7f39c7656000-7f39c7658000 r-xp 00000000 08:06 20717375                   /usr/lib/x86_64-linux-gnu/libXinerama.so.1.0.0
7f39c7658000-7f39c7857000 ---p 00002000 08:06 20717375                   /usr/lib/x86_64-linux-gnu/libXinerama.so.1.0.0
7f39c7857000-7f39c7858000 r--p 00001000 08:06 20717375                   /usr/lib/x86_64-linux-gnu/libXinerama.so.1.0.0
7f39c7858000-7f39c7859000 rw-p 00002000 08:06 20717375                   /usr/lib/x86_64-linux-gnu/libXinerama.so.1.0.0
7f39c7859000-7f39c7896000 r-xp 00000000 08:06 20710274                   /usr/lib/x86_64-linux-gnu/libfontconfig.so.1.9.0
7f39c7896000-7f39c7a95000 ---p 0003d000 08:06 20710274                   /usr/lib/x86_64-linux-gnu/libfontconfig.so.1.9.0
7f39c7a95000-7f39c7a97000 r--p 0003c000 08:06 20710274                   /usr/lib/x86_64-linux-gnu/libfontconfig.so.1.9.0
7f39c7a97000-7f39c7a9c000 rw-p 0003e000 08:06 20710274                   /usr/lib/x86_64-linux-gnu/libfontconfig.so.1.9.0
7f39c7a9c000-7f39c7bab000 r-xp 00000000 08:06 2883612                    /lib/x86_64-linux-gnu/libglib-2.0.so.0.4800.2
7f39c7bab000-7f39c7daa000 ---p 0010f000 08:06 2883612                    /lib/x86_64-linux-gnu/libglib-2.0.so.0.4800.2
7f39c7daa000-7f39c7dab000 r--p 0010e000 08:06 2883612                    /lib/x86_64-linux-gnu/libglib-2.0.so.0.4800.2
7f39c7dab000-7f39c7dac000 rw-p 0010f000 08:06 2883612                    /lib/x86_64-linux-gnu/libglib-2.0.so.0.4800.2
7f39c7dac000-7f39c7dad000 rw-p 00000000 00:00 0 
7f39c7dad000-7f39c7dff000 r-xp 00000000 08:06 20709815                   /usr/lib/x86_64-linux-gnu/libgobject-2.0.so.0.4800.2
7f39c7dff000-7f39c7ffe000 ---p 00052000 08:06 20709815                   /usr/lib/x86_64-linux-gnu/libgobject-2.0.so.0.4800.2
7f39c7ffe000-7f39c7fff000 r--p 00051000 08:06 20709815                   /usr/lib/x86_64-linux-gnu/libgobject-2.0.so.0.4800.2
7f39c7fff000-7f39c8000000 rw-p 00052000 08:06 20709815                   /usr/lib/x86_64-linux-gnu/libgobject-2.0.so.0.4800.2
7f39c8000000-7f39c8092000 rw-p 00000000 00:00 0 
7f39c8092000-7f39cc000000 ---p 00000000 00:00 0 
7f39cc000000-7f39cc83d000 rw-p 00000000 00:00 0 
7f39cc83d000-7f39d0000000 ---p 00000000 00:00 0 
7f39d0000000-7f39d007f000 rw-p 00000000 00:00 0 
7f39d007f000-7f39d4000000 ---p 00000000 00:00 0 
7f39d4000000-7f39d4387000 rw-p 00000000 00:00 0 
7f39d4387000-7f39d8000000 ---p 00000000 00:00 0 
7f39d8053000-7f39d8056000 ---p 00000000 00:00 0 
7f39d8056000-7f39d8154000 rw-p 00000000 00:00 0 
7f39d8154000-7f39d819d000 r-xp 00000000 08:06 20718285                   /usr/lib/x86_64-linux-gnu/libpango-1.0.so.0.3800.1
7f39d819d000-7f39d839d000 ---p 00049000 08:06 20718285                   /usr/lib/x86_64-linux-gnu/libpango-1.0.so.0.3800.1
7f39d839d000-7f39d839f000 r--p 00049000 08:06 20718285                   /usr/lib/x86_64-linux-gnu/libpango-1.0.so.0.3800.1
7f39d839f000-7f39d83a0000 rw-p 0004b000 08:06 20718285                   /usr/lib/x86_64-linux-gnu/libpango-1.0.so.0.3800.1
7f39d83a0000-7f39d83b4000 r-xp 00000000 08:06 20718289                   /usr/lib/x86_64-linux-gnu/libpangoft2-1.0.so.0.3800.1
7f39d83b4000-7f39d85b4000 ---p 00014000 08:06 20718289                   /usr/lib/x86_64-linux-gnu/libpangoft2-1.0.so.0.3800.1
7f39d85b4000-7f39d85b5000 r--p 00014000 08:06 20718289                   /usr/lib/x86_64-linux-gnu/libpangoft2-1.0.so.0.3800.1
7f39d85b5000-7f39d85b6000 rw-p 00015000 08:06 20718289                   /usr/lib/x86_64-linux-gnu/libpangoft2-1.0.so.0.3800.1
7f39d85b6000-7f39d8736000 r-xp 00000000 08:06 20709818                   /usr/lib/x86_64-linux-gnu/libgio-2.0.so.0.4800.2
7f39d8736000-7f39d8936000 ---p 00180000 08:06 20709818                   /usr/lib/x86_64-linux-gnu/libgio-2.0.so.0.4800.2
7f39d8936000-7f39d893a000 r--p 00180000 08:06 20709818                   /usr/lib/x86_64-linux-gnu/libgio-2.0.so.0.4800.2
7f39d893a000-7f39d893c000 rw-p 00184000 08:06 20709818                   /usr/lib/x86_64-linux-gnu/libgio-2.0.so.0.4800.2
7f39d893c000-7f39d893e000 rw-p 00000000 00:00 0 
7f39d893e000-7f39d895f000 r-xp 00000000 08:06 20709421                   /usr/lib/x86_64-linux-gnu/libgdk_pixbuf-2.0.so.0.3200.2
7f39d895f000-7f39d8b5e000 ---p 00021000 08:06 20709421                   /usr/lib/x86_64-linux-gnu/libgdk_pixbuf-2.0.so.0.3200.2
7f39d8b5e000-7f39d8b5f000 r--p 00020000 08:06 20709421                   /usr/lib/x86_64-linux-gnu/libgdk_pixbuf-2.0.so.0.3200.2
7f39d8b5f000-7f39d8b60000 rw-p 00021000 08:06 20709421                   /usr/lib/x86_64-linux-gnu/libgdk_pixbuf-2.0.so.0.3200.2
7f39d8b60000-7f39d8c6e000 r-xp 00000000 08:06 20717513                   /usr/lib/x86_64-linux-gnu/libcairo.so.2.11400.6
7f39d8c6e000-7f39d8e6e000 ---p 0010e000 08:06 20717513                   /usr/lib/x86_64-linux-gnu/libcairo.so.2.11400.6
7f39d8e6e000-7f39d8e71000 r--p 0010e000 08:06 20717513                   /usr/lib/x86_64-linux-gnu/libcairo.so.2.11400.6
7f39d8e71000-7f39d8e72000 rw-p 00111000 08:06 20717513                   /usr/lib/x86_64-linux-gnu/libcairo.so.2.11400.6
7f39d8e72000-7f39d8e74000 rw-p 00000000 00:00 0 
7f39d8e74000-7f39d8e96000 r-xp 00000000 08:06 20717456                   /usr/lib/x86_64-linux-gnu/libatk-1.0.so.0.21809.1
7f39d8e96000-7f39d9095000 ---p 00022000 08:06 20717456                   /usr/lib/x86_64-linux-gnu/libatk-1.0.so.0.21809.1
7f39d9095000-7f39d9098000 r--p 00021000 08:06 20717456                   /usr/lib/x86_64-linux-gnu/libatk-1.0.so.0.21809.1
7f39d9098000-7f39d9099000 rw-p 00024000 08:06 20717456                   /usr/lib/x86_64-linux-gnu/libatk-1.0.so.0.21809.1
7f39d9099000-7f39d90a5000 r-xp 00000000 08:06 20718287                   /usr/lib/x86_64-linux-gnu/libpangocairo-1.0.so.0.3800.1
7f39d90a5000-7f39d92a4000 ---p 0000c000 08:06 20718287                   /usr/lib/x86_64-linux-gnu/libpangocairo-1.0.so.0.3800.1
7f39d92a4000-7f39d92a5000 r--p 0000b000 08:06 20718287                   /usr/lib/x86_64-linux-gnu/libpangocairo-1.0.so.0.3800.1
7f39d92a5000-7f39d92a6000 rw-p 0000c000 08:06 20718287                   /usr/lib/x86_64-linux-gnu/libpangocairo-1.0.so.0.3800.1
7f39d92a6000-7f39d92a9000 r-xp 00000000 08:06 20709770                   /usr/lib/x86_64-linux-gnu/libgmodule-2.0.so.0.4800.2
7f39d92a9000-7f39d94a8000 ---p 00003000 08:06 20709770                   /usr/lib/x86_64-linux-gnu/libgmodule-2.0.so.0.4800.2
7f39d94a8000-7f39d94a9000 r--p 00002000 08:06 20709770                   /usr/lib/x86_64-linux-gnu/libgmodule-2.0.so.0.4800.2
7f39d94a9000-7f39d94aa000 rw-p 00003000 08:06 20709770                   /usr/lib/x86_64-linux-gnu/libgmodule-2.0.so.0.4800.2
7f39d94aa000-7f39d98e8000 r-xp 00000000 08:06 20717967                   /usr/lib/x86_64-linux-gnu/libgtk-x11-2.0.so.0.2400.30
7f39d98e8000-7f39d9ae7000 ---p 0043e000 08:06 20717967                   /usr/lib/x86_64-linux-gnu/libgtk-x11-2.0.so.0.2400.30
7f39d9ae7000-7f39d9aee000 r--p 0043d000 08:06 20717967                   /usr/lib/x86_64-linux-gnu/libgtk-x11-2.0.so.0.2400.30
7f39d9aee000-7f39d9af2000 rw-p 00444000 08:06 20717967                   /usr/lib/x86_64-linux-gnu/libgtk-x11-2.0.so.0.2400.30
7f39d9af2000-7f39d9af5000 rw-p 00000000 00:00 0 
7f39d9af5000-7f39d9b00000 r--s 00000000 08:06 14682524                   /var/cache/fontconfig/945677eb7aeaf62f1d50efc3fb3ec7d8-le64.cache-6
7f39d9b00000-7f39d9b06000 r--s 00000000 08:06 14683570                   /var/cache/fontconfig/2cd17615ca594fa2959ae173292e504c-le64.cache-6
7f39d9b06000-7f39d9b07000 r--s 00000000 08:06 14683569                   /var/cache/fontconfig/0d8c3b2ac0904cb8a57a757ad11a4a08-le64.cache-6
7f39d9b07000-7f39d9b1c000 r--s 00000000 08:06 14683568                   /var/cache/fontconfig/04aabc0a78ac019cf9454389977116d2-le64.cache-6
7f39d9b1c000-7f39d9b1d000 r--s 00000000 08:06 14683567                   /var/cache/fontconfig/1ac9eb803944fde146138c791f5cc56a-le64.cache-6
7f39d9b1d000-7f39d9b21000 r--s 00000000 08:06 14683565                   /var/cache/fontconfig/385c0604a188198f04d133e54aba7fe7-le64.cache-6
7f39d9b21000-7f39d9b22000 r--s 00000000 08:06 14683562                   /var/cache/fontconfig/dc05db6664285cc2f12bf69c139ae4c3-le64.cache-6
7f39d9b22000-7f39d9b25000 r--s 00000000 08:06 14683561                   /var/cache/fontconfig/767a8244fc0220cfb567a839d0392e0b-le64.cache-6
7f39d9b25000-7f39d9b26000 r--s 00000000 08:06 14682836                   /var/cache/fontconfig/4794a0821666d79190d59a36cb4f44b5-le64.cache-6
7f39d9b26000-7f39d9b2b000 r--s 00000000 08:06 14683535                   /var/cache/fontconfig/8801497958630a81b71ace7c5f9b32a8-le64.cache-6
7f39d9b2b000-7f39d9b2c000 r--s 00000000 08:06 14683531                   /var/cache/fontconfig/bab58bb527bb656aaa9f116d68a48d89-le64.cache-6
7f39d9b2c000-7f39d9b33000 r--s 00000000 08:06 14683519                   /var/cache/fontconfig/3047814df9a2f067bd2d96a2b9c36e5a-le64.cache-6
7f39d9b33000-7f39d9b46000 r--s 00000000 08:06 14683474                   /var/cache/fontconfig/d52a8644073d54c13679302ca1180695-le64.cache-6
7f39d9b46000-7f39d9b51000 r--s 00000000 08:06 14681724                   /var/cache/fontconfig/d589a48862398ed80a3d6066f4f56f4c-le64.cache-6
7f39d9b51000-7f39d9b5c000 r--s 00000000 08:06 14683448                   /var/cache/fontconfig/83bf95040141907cd45bb53cf7c1c148-le64.cache-6
7f39d9c45000-7f39d9c8b000 r--p 00000000 08:06 21903626                   /usr/share/glib-2.0/schemas/gschemas.compiled
7f39d9c8b000-7f39d9e8b000 rw-p 00000000 00:00 0 
7f39d9e8b000-7f39da08b000 rw-p 00000000 00:00 0 
7f39da08b000-7f39da28b000 rw-p 00000000 00:00 0 
7f39da28b000-7f39da29e000 r--s 00345000 08:06 18745417                   /lib/jdk/jre/lib/resources.jar
7f39da29e000-7f39da2a1000 ---p 00000000 00:00 0 
7f39da2a1000-7f39da39f000 rw-p 00000000 00:00 0 
7f39da3e3000-7f39da493000 r-xp 00000000 08:06 20717822                   /usr/lib/x86_64-linux-gnu/libgdk-x11-2.0.so.0.2400.30
7f39da493000-7f39da692000 ---p 000b0000 08:06 20717822                   /usr/lib/x86_64-linux-gnu/libgdk-x11-2.0.so.0.2400.30
7f39da692000-7f39da696000 r--p 000af000 08:06 20717822                   /usr/lib/x86_64-linux-gnu/libgdk-x11-2.0.so.0.2400.30
7f39da696000-7f39da698000 rw-p 000b3000 08:06 20717822                   /usr/lib/x86_64-linux-gnu/libgdk-x11-2.0.so.0.2400.30
7f39da6b1000-7f39da6b2000 r--s 00000000 08:06 14683517                   /var/cache/fontconfig/56cf4f4769d0f4abc89a4895d7bd3ae1-le64.cache-6
7f39da6b2000-7f39da6b8000 r--s 00000000 08:06 14683476                   /var/cache/fontconfig/b47c4e1ecd0709278f4910c18777a504-le64.cache-6
7f39da6b8000-7f39da6ca000 r--s 00000000 08:06 14680411                   /var/cache/fontconfig/9b89f8e3dae116d678bbf48e5f21f69b-le64.cache-6
7f39da6fb000-7f39da711000 rw-s 00000000 00:05 85360668                   /SYSV00000000 (deleted)
7f39da740000-7f39da7a9000 r-xp 00000000 08:06 18745250                   /lib/jdk/jre/lib/amd64/libt2k.so
7f39da7a9000-7f39da9a9000 ---p 00069000 08:06 18745250                   /lib/jdk/jre/lib/amd64/libt2k.so
7f39da9a9000-7f39da9b0000 rw-p 00069000 08:06 18745250                   /lib/jdk/jre/lib/amd64/libt2k.so
7f39da9b0000-7f39dabc0000 rw-p 00000000 00:00 0 
7f39dabc0000-7f39dabc3000 ---p 00000000 00:00 0 
7f39dabc3000-7f39dacc1000 rw-p 00000000 00:00 0 
7f39dacc1000-7f39dacc4000 ---p 00000000 00:00 0 
7f39dacc4000-7f39dadc2000 rw-p 00000000 00:00 0 
7f39dadc2000-7f39dadc5000 ---p 00000000 00:00 0 
7f39dadc5000-7f39daec3000 rw-p 00000000 00:00 0 
7f39daec3000-7f39daec6000 ---p 00000000 00:00 0 
7f39daec6000-7f39db1c4000 rw-p 00000000 00:00 0 
7f39db1c4000-7f39db4c5000 rw-p 00000000 00:00 0 
7f39db4c5000-7f39db4db000 r-xp 00000000 08:06 18745193                   /lib/jdk/jre/lib/amd64/libnet.so
7f39db4db000-7f39db6db000 ---p 00016000 08:06 18745193                   /lib/jdk/jre/lib/amd64/libnet.so
7f39db6db000-7f39db6dc000 rw-p 00016000 08:06 18745193                   /lib/jdk/jre/lib/amd64/libnet.so
7f39db6dc000-7f39db6ed000 r-xp 00000000 08:06 18745218                   /lib/jdk/jre/lib/amd64/libnio.so
7f39db6ed000-7f39db8ec000 ---p 00011000 08:06 18745218                   /lib/jdk/jre/lib/amd64/libnio.so
7f39db8ec000-7f39db8ed000 rw-p 00010000 08:06 18745218                   /lib/jdk/jre/lib/amd64/libnio.so
7f39db8ed000-7f39db8f0000 ---p 00000000 00:00 0 
7f39db8f0000-7f39db9ee000 rw-p 00000000 00:00 0 
7f39db9ee000-7f39db9f1000 ---p 00000000 00:00 0 
7f39db9f1000-7f39dbaef000 rw-p 00000000 00:00 0 
7f39dbaef000-7f39dbaf4000 r-xp 00000000 08:06 20717367                   /usr/lib/x86_64-linux-gnu/libXfixes.so.3.1.0
7f39dbaf4000-7f39dbcf3000 ---p 00005000 08:06 20717367                   /usr/lib/x86_64-linux-gnu/libXfixes.so.3.1.0
7f39dbcf3000-7f39dbcf4000 r--p 00004000 08:06 20717367                   /usr/lib/x86_64-linux-gnu/libXfixes.so.3.1.0
7f39dbcf4000-7f39dbcf5000 rw-p 00005000 08:06 20717367                   /usr/lib/x86_64-linux-gnu/libXfixes.so.3.1.0
7f39dbcf5000-7f39dbcfe000 r-xp 00000000 08:06 20717359                   /usr/lib/x86_64-linux-gnu/libXcursor.so.1.0.2
7f39dbcfe000-7f39dbefd000 ---p 00009000 08:06 20717359                   /usr/lib/x86_64-linux-gnu/libXcursor.so.1.0.2
7f39dbefd000-7f39dbefe000 r--p 00008000 08:06 20717359                   /usr/lib/x86_64-linux-gnu/libXcursor.so.1.0.2
7f39dbefe000-7f39dbeff000 rw-p 00009000 08:06 20717359                   /usr/lib/x86_64-linux-gnu/libXcursor.so.1.0.2
7f39dbeff000-7f39dbf02000 ---p 00000000 00:00 0 
7f39dbf02000-7f39dc000000 rw-p 00000000 00:00 0 
7f39dc000000-7f39dc021000 rw-p 00000000 00:00 0 
7f39dc021000-7f39e0000000 ---p 00000000 00:00 0 
7f39e0000000-7f39e0021000 rw-p 00000000 00:00 0 
7f39e0021000-7f39e4000000 ---p 00000000 00:00 0 
7f39e4000000-7f39e4b5d000 rw-p 00000000 00:00 0 
7f39e4b5d000-7f39e8000000 ---p 00000000 00:00 0 
7f39e8000000-7f39e8875000 rw-p 00000000 00:00 0 
7f39e8875000-7f39ec000000 ---p 00000000 00:00 0 
7f39ec000000-7f39ec021000 rw-p 00000000 00:00 0 
7f39ec021000-7f39f0000000 ---p 00000000 00:00 0 
7f39f0000000-7f39f0021000 rw-p 00000000 00:00 0 
7f39f0021000-7f39f4000000 ---p 00000000 00:00 0 
7f39f4000000-7f39f4032000 rw-p 00000000 00:00 0 
7f39f4032000-7f39f8000000 ---p 00000000 00:00 0 
7f39f8000000-7f39f8021000 rw-p 00000000 00:00 0 
7f39f8021000-7f39fc000000 ---p 00000000 00:00 0 
7f39fc000000-7f39fc026000 rw-p 00000000 00:00 0 
7f39fc026000-7f3a00000000 ---p 00000000 00:00 0 
7f3a00000000-7f3a00001000 r--s 00000000 08:06 14683516                   /var/cache/fontconfig/b9d506c9ac06c20b433354fa67a72993-le64.cache-6
7f3a00001000-7f3a00002000 r--s 00000000 08:06 14683472                   /var/cache/fontconfig/551ecf3b0e8b0bca0f25c0944f561853-le64.cache-6
7f3a00002000-7f3a00003000 r--s 00000000 08:06 14683452                   /var/cache/fontconfig/30829fa25452a46451e813d634d7f916-le64.cache-6
7f3a00003000-7f3a00006000 r--s 00000000 08:06 14683449                   /var/cache/fontconfig/75114ca45c98e8a441da0ff356701271-le64.cache-6
7f3a00006000-7f3a00009000 r--s 00000000 08:06 14682523                   /var/cache/fontconfig/e13b20fdb08344e0e664864cc2ede53d-le64.cache-6
7f3a00011000-7f3a00016000 r--s 002f9000 08:06 18745138                   /lib/jdk/jre/lib/charsets.jar
7f3a00016000-7f3a00017000 r--s 00004000 08:06 14289007                   /home/curt/Desktop/ganttproject-master/ganttproject-builder/dist-bin/plugins/org.ganttproject.chart.pert/org.ganttproject.chart.pert.jar
7f3a00017000-7f3a0001b000 r--s 0009a000 08:06 18745137                   /lib/jdk/jre/lib/jsse.jar
7f3a0001b000-7f3a00020000 r--p 00000000 08:06 11534593                   /home/curt/.config/dconf/user
7f3a00020000-7f3a00021000 r--s 00000000 00:29 41                         /run/user/1000/dconf/user
7f3a00021000-7f3a00032000 r--s 0019e000 08:06 14289076                   /home/curt/Desktop/ganttproject-master/ganttproject-builder/dist-bin/plugins/org.ganttproject.impex.htmlpdf/lib/itextpdf-5.3.1.jar
7f3a00032000-7f3a00232000 rw-p 00000000 00:00 0 
7f3a00232000-7f3a00248000 r-xp 00000000 08:06 2888080                    /lib/x86_64-linux-gnu/libgcc_s.so.1
7f3a00248000-7f3a00447000 ---p 00016000 08:06 2888080                    /lib/x86_64-linux-gnu/libgcc_s.so.1
7f3a00447000-7f3a00448000 rw-p 00015000 08:06 2888080                    /lib/x86_64-linux-gnu/libgcc_s.so.1
7f3a00448000-7f3a00449000 r--s 00000000 08:06 14683451                   /var/cache/fontconfig/0c9eb80ebd1c36541ebe2852d3bb0c49-le64.cache-6
7f3a00449000-7f3a0044d000 r--s 00000000 08:06 14681920                   /var/cache/fontconfig/7ef2298fde41cc6eeb7af42e48b7d293-le64.cache-6
7f3a0044d000-7f3a00450000 r--s 00011000 08:06 14289073                   /home/curt/Desktop/ganttproject-master/ganttproject-builder/dist-bin/plugins/org.ganttproject.impex.htmlpdf/org.ganttproject.impex.htmlpdf.jar
7f3a00450000-7f3a0045f000 r--s 00172000 08:06 14288644                   /home/curt/Desktop/ganttproject-master/ganttproject-builder/dist-bin/plugins/biz.ganttproject.impex.msproject2/lib/mpxj.jar
7f3a0045f000-7f3a00461000 r--s 00009000 08:06 14288641                   /home/curt/Desktop/ganttproject-master/ganttproject-builder/dist-bin/plugins/biz.ganttproject.impex.msproject2/biz.ganttproject.impex.msproject2.jar
7f3a00461000-7f3a004c6000 r-xp 00000000 08:06 18745212                   /lib/jdk/jre/lib/amd64/libfontmanager.so
7f3a004c6000-7f3a006c5000 ---p 00065000 08:06 18745212                   /lib/jdk/jre/lib/amd64/libfontmanager.so
7f3a006c5000-7f3a006ca000 rw-p 00064000 08:06 18745212                   /lib/jdk/jre/lib/amd64/libfontmanager.so
7f3a006ca000-7f3a006da000 rw-p 00000000 00:00 0 
7f3a006da000-7f3a006f7000 r--s 0014f000 08:06 14288980                   /home/curt/Desktop/ganttproject-master/ganttproject-builder/dist-bin/plugins/ganttproject/lib/core/swingx-1.6.4.jar
7f3a006f7000-7f3a006f8000 r--s 00001000 08:06 14288970                   /home/curt/Desktop/ganttproject-master/ganttproject-builder/dist-bin/plugins/ganttproject/lib/core/slf4j-simple-1.5.11.jar
7f3a006f8000-7f3a006f9000 r--s 00005000 08:06 14288976                   /home/curt/Desktop/ganttproject-master/ganttproject-builder/dist-bin/plugins/ganttproject/lib/core/slf4j-api-1.5.11.jar
7f3a006f9000-7f3a006fd000 r--s 0002d000 08:06 14288981                   /home/curt/Desktop/ganttproject-master/ganttproject-builder/dist-bin/plugins/ganttproject/lib/core/milton-client-2.6.5.7-bs.jar
7f3a006fd000-7f3a00704000 r--s 0002c000 08:06 14288961                   /home/curt/Desktop/ganttproject-master/ganttproject-builder/dist-bin/plugins/ganttproject/lib/core/milton-api-2.6.5.7.jar
7f3a00704000-7f3a00706000 r--s 00008000 08:06 14288960                   /home/curt/Desktop/ganttproject-master/ganttproject-builder/dist-bin/plugins/ganttproject/lib/core/jxlayer.jar
7f3a00706000-7f3a0070f000 r--s 0005a000 08:06 14288973                   /home/curt/Desktop/ganttproject-master/ganttproject-builder/dist-bin/plugins/ganttproject/lib/core/jgoodies-looks-2.5.3.jar
7f3a0070f000-7f3a00711000 r--s 00007000 08:06 14288969                   /home/curt/Desktop/ganttproject-master/ganttproject-builder/dist-bin/plugins/ganttproject/lib/core/jgoodies-common-1.7.0.jar
7f3a00711000-7f3a00714000 r--s 00023000 08:06 14288977                   /home/curt/Desktop/ganttproject-master/ganttproject-builder/dist-bin/plugins/ganttproject/lib/core/jdom-1.0.jar
7f3a00714000-7f3a00716000 r--s 00006000 08:06 14288968                   /home/curt/Desktop/ganttproject-master/ganttproject-builder/dist-bin/plugins/ganttproject/lib/core/jcommander-1.17.jar
7f3a00716000-7f3a0071b000 r-xp 00000000 08:06 20717363                   /usr/lib/x86_64-linux-gnu/libXdmcp.so.6.0.0
7f3a0071b000-7f3a0091a000 ---p 00005000 08:06 20717363                   /usr/lib/x86_64-linux-gnu/libXdmcp.so.6.0.0
7f3a0091a000-7f3a0091b000 r--p 00004000 08:06 20717363                   /usr/lib/x86_64-linux-gnu/libXdmcp.so.6.0.0
7f3a0091b000-7f3a0091c000 rw-p 00005000 08:06 20717363                   /usr/lib/x86_64-linux-gnu/libXdmcp.so.6.0.0
7f3a0091c000-7f3a0091e000 r-xp 00000000 08:06 20717352                   /usr/lib/x86_64-linux-gnu/libXau.so.6.0.0
7f3a0091e000-7f3a00b1e000 ---p 00002000 08:06 20717352                   /usr/lib/x86_64-linux-gnu/libXau.so.6.0.0
7f3a00b1e000-7f3a00b1f000 r--p 00002000 08:06 20717352                   /usr/lib/x86_64-linux-gnu/libXau.so.6.0.0
7f3a00b1f000-7f3a00b20000 rw-p 00003000 08:06 20717352                   /usr/lib/x86_64-linux-gnu/libXau.so.6.0.0
7f3a00b20000-7f3a00b41000 r-xp 00000000 08:06 20718730                   /usr/lib/x86_64-linux-gnu/libxcb.so.1.1.0
7f3a00b41000-7f3a00d40000 ---p 00021000 08:06 20718730                   /usr/lib/x86_64-linux-gnu/libxcb.so.1.1.0
7f3a00d40000-7f3a00d41000 r--p 00020000 08:06 20718730                   /usr/lib/x86_64-linux-gnu/libxcb.so.1.1.0
7f3a00d41000-7f3a00d42000 rw-p 00021000 08:06 20718730                   /usr/lib/x86_64-linux-gnu/libxcb.so.1.1.0
7f3a00d42000-7f3a00d51000 r-xp 00000000 08:06 20717373                   /usr/lib/x86_64-linux-gnu/libXi.so.6.1.0
7f3a00d51000-7f3a00f50000 ---p 0000f000 08:06 20717373                   /usr/lib/x86_64-linux-gnu/libXi.so.6.1.0
7f3a00f50000-7f3a00f51000 r--p 0000e000 08:06 20717373                   /usr/lib/x86_64-linux-gnu/libXi.so.6.1.0
7f3a00f51000-7f3a00f52000 rw-p 0000f000 08:06 20717373                   /usr/lib/x86_64-linux-gnu/libXi.so.6.1.0
7f3a00f52000-7f3a00f57000 r-xp 00000000 08:06 20717391                   /usr/lib/x86_64-linux-gnu/libXtst.so.6.1.0
7f3a00f57000-7f3a01156000 ---p 00005000 08:06 20717391                   /usr/lib/x86_64-linux-gnu/libXtst.so.6.1.0
7f3a01156000-7f3a01157000 r--p 00004000 08:06 20717391                   /usr/lib/x86_64-linux-gnu/libXtst.so.6.1.0
7f3a01157000-7f3a01158000 rw-p 00005000 08:06 20717391                   /usr/lib/x86_64-linux-gnu/libXtst.so.6.1.0
7f3a01158000-7f3a01161000 r-xp 00000000 08:06 20717385                   /usr/lib/x86_64-linux-gnu/libXrender.so.1.3.0
7f3a01161000-7f3a01360000 ---p 00009000 08:06 20717385                   /usr/lib/x86_64-linux-gnu/libXrender.so.1.3.0
7f3a01360000-7f3a01361000 r--p 00008000 08:06 20717385                   /usr/lib/x86_64-linux-gnu/libXrender.so.1.3.0
7f3a01361000-7f3a01362000 rw-p 00009000 08:06 20717385                   /usr/lib/x86_64-linux-gnu/libXrender.so.1.3.0
7f3a01362000-7f3a01497000 r-xp 00000000 08:06 20717348                   /usr/lib/x86_64-linux-gnu/libX11.so.6.3.0
7f3a01497000-7f3a01697000 ---p 00135000 08:06 20717348                   /usr/lib/x86_64-linux-gnu/libX11.so.6.3.0
7f3a01697000-7f3a01698000 r--p 00135000 08:06 20717348                   /usr/lib/x86_64-linux-gnu/libX11.so.6.3.0
7f3a01698000-7f3a0169c000 rw-p 00136000 08:06 20717348                   /usr/lib/x86_64-linux-gnu/libX11.so.6.3.0
7f3a0169c000-7f3a016ad000 r-xp 00000000 08:06 20717365                   /usr/lib/x86_64-linux-gnu/libXext.so.6.4.0
7f3a016ad000-7f3a018ac000 ---p 00011000 08:06 20717365                   /usr/lib/x86_64-linux-gnu/libXext.so.6.4.0
7f3a018ac000-7f3a018ad000 r--p 00010000 08:06 20717365                   /usr/lib/x86_64-linux-gnu/libXext.so.6.4.0
7f3a018ad000-7f3a018ae000 rw-p 00011000 08:06 20717365                   /usr/lib/x86_64-linux-gnu/libXext.so.6.4.0
7f3a018ae000-7f3a018b4000 r--s 00031000 08:06 14288966                   /home/curt/Desktop/ganttproject-master/ganttproject-builder/dist-bin/plugins/ganttproject/lib/core/httpcore-4.2.1.jar
7f3a018b4000-7f3a018be000 r--s 0005f000 08:06 14288962                   /home/curt/Desktop/ganttproject-master/ganttproject-builder/dist-bin/plugins/ganttproject/lib/core/httpclient-4.2.1.jar
7f3a018be000-7f3a018c0000 r--s 0000b000 08:06 14288978                   /home/curt/Desktop/ganttproject-master/ganttproject-builder/dist-bin/plugins/ganttproject/lib/core/ganttproject-jxbusycomponent-1.2.2.jar
7f3a018c0000-7f3a018c2000 r--s 00012000 08:06 14288964                   /home/curt/Desktop/ganttproject-master/ganttproject-builder/dist-bin/plugins/ganttproject/lib/core/endrick-common-1.7.9.jar
7f3a018c2000-7f3a018c5000 r--s 0000b000 08:06 14288979                   /home/curt/Desktop/ganttproject-master/ganttproject-builder/dist-bin/plugins/ganttproject/lib/core/concurrentlinkedhashmap-lru-1.3.2.jar
7f3a018c5000-7f3a018c7000 r--s 00010000 08:06 14288974                   /home/curt/Desktop/ganttproject-master/ganttproject-builder/dist-bin/plugins/ganttproject/lib/core/commons-net-ftpclient-3.0.1.jar
7f3a018c7000-7f3a0191b000 r-xp 00000000 08:06 18745220                   /lib/jdk/jre/lib/amd64/libawt_xawt.so
7f3a0191b000-7f3a01b1b000 ---p 00054000 08:06 18745220                   /lib/jdk/jre/lib/amd64/libawt_xawt.so
7f3a01b1b000-7f3a01b1f000 rw-p 00054000 08:06 18745220                   /lib/jdk/jre/lib/amd64/libawt_xawt.so
7f3a01b1f000-7f3a01b20000 rw-p 00000000 00:00 0 
7f3a01b20000-7f3a01bc2000 r-xp 00000000 08:06 18745253                   /lib/jdk/jre/lib/amd64/libawt.so
7f3a01bc2000-7f3a01dc2000 ---p 000a2000 08:06 18745253                   /lib/jdk/jre/lib/amd64/libawt.so
7f3a01dc2000-7f3a01dce000 rw-p 000a2000 08:06 18745253                   /lib/jdk/jre/lib/amd64/libawt.so
7f3a01dce000-7f3a01df2000 rw-p 00000000 00:00 0 
7f3a01df2000-7f3a01e19000 r--s 0018f000 08:06 14288649                   /home/curt/Desktop/ganttproject-master/ganttproject-builder/dist-bin/plugins/ganttproject/ganttproject.jar
7f3a01e19000-7f3a01e1c000 ---p 00000000 00:00 0 
7f3a01e1c000-7f3a01f1a000 rw-p 00000000 00:00 0 
7f3a01f1a000-7f3a01f1b000 ---p 00000000 00:00 0 
7f3a01f1b000-7f3a0201b000 rw-p 00000000 00:00 0 
7f3a0201b000-7f3a0201e000 ---p 00000000 00:00 0 
7f3a0201e000-7f3a0211c000 rw-p 00000000 00:00 0 
7f3a0211c000-7f3a0211f000 ---p 00000000 00:00 0 
7f3a0211f000-7f3a0221d000 rw-p 00000000 00:00 0 
7f3a0221d000-7f3a02220000 ---p 00000000 00:00 0 
7f3a02220000-7f3a0231e000 rw-p 00000000 00:00 0 
7f3a0231e000-7f3a02321000 ---p 00000000 00:00 0 
7f3a02321000-7f3a0241f000 rw-p 00000000 00:00 0 
7f3a0241f000-7f3a026f7000 r--p 00000000 08:06 20710039                   /usr/lib/locale/locale-archive
7f3a026f7000-7f3a026fa000 ---p 00000000 00:00 0 
7f3a026fa000-7f3a027f8000 rw-p 00000000 00:00 0 
7f3a027f8000-7f3a027fb000 ---p 00000000 00:00 0 
7f3a027fb000-7f3a028f9000 rw-p 00000000 00:00 0 
7f3a028f9000-7f3a028fa000 ---p 00000000 00:00 0 
7f3a028fa000-7f3a04000000 rw-p 00000000 00:00 0 
7f3a04000000-7f3a04021000 rw-p 00000000 00:00 0 
7f3a04021000-7f3a08000000 ---p 00000000 00:00 0 
7f3a08000000-7f3a08003000 r--s 0001c000 08:06 14288967                   /home/curt/Desktop/ganttproject-master/ganttproject-builder/dist-bin/plugins/ganttproject/lib/core/commons-io.jar
7f3a08003000-7f3a08017000 r--s 000ba000 08:06 14287181                   /home/curt/Desktop/ganttproject-master/ganttproject-builder/dist-bin/plugins/biz.ganttproject.core/lib/ganttproject-guava.jar
7f3a08017000-7f3a08033000 r--s 00393000 08:06 18745276                   /lib/jdk/jre/lib/ext/cldrdata.jar
7f3a08033000-7f3a083e8000 rw-p 00000000 00:00 0 
7f3a083e8000-7f3a085c1000 r--s 03d3e000 08:06 18745185                   /lib/jdk/jre/lib/rt.jar
7f3a085c1000-7f3a08712000 rw-p 00000000 00:00 0 
7f3a08712000-7f3a08713000 ---p 00000000 00:00 0 
7f3a08713000-7f3a0883e000 rw-p 00000000 00:00 0 
7f3a0883e000-7f3a08bd3000 ---p 00000000 00:00 0 
7f3a08bd3000-7f3a09683000 rwxp 00000000 00:00 0 
7f3a09683000-7f3a17bd3000 ---p 00000000 00:00 0 
7f3a17bd3000-7f3a17bed000 r-xp 00000000 08:06 18745216                   /lib/jdk/jre/lib/amd64/libzip.so
7f3a17bed000-7f3a17ded000 ---p 0001a000 08:06 18745216                   /lib/jdk/jre/lib/amd64/libzip.so
7f3a17ded000-7f3a17dee000 rw-p 0001a000 08:06 18745216                   /lib/jdk/jre/lib/amd64/libzip.so
7f3a17dee000-7f3a17df9000 r-xp 00000000 08:06 2883801                    /lib/x86_64-linux-gnu/libnss_files-2.23.so
7f3a17df9000-7f3a17ff8000 ---p 0000b000 08:06 2883801                    /lib/x86_64-linux-gnu/libnss_files-2.23.so
7f3a17ff8000-7f3a17ff9000 r--p 0000a000 08:06 2883801                    /lib/x86_64-linux-gnu/libnss_files-2.23.so
7f3a17ff9000-7f3a17ffa000 rw-p 0000b000 08:06 2883801                    /lib/x86_64-linux-gnu/libnss_files-2.23.so
7f3a17ffa000-7f3a18000000 rw-p 00000000 00:00 0 
7f3a18000000-7f3a1818f000 rw-p 00000000 00:00 0 
7f3a1818f000-7f3a1c000000 ---p 00000000 00:00 0 
7f3a1c000000-7f3a1c001000 r--s 00006000 08:06 14288975                   /home/curt/Desktop/ganttproject-master/ganttproject-builder/dist-bin/plugins/ganttproject/lib/core/endrick-cache-1.7.9.jar
7f3a1c001000-7f3a1c00b000 r--s 00116000 08:06 18745273                   /lib/jdk/jre/lib/ext/localedata.jar
7f3a1c00b000-7f3a1c033000 rw-p 00000000 00:00 0 
7f3a1c033000-7f3a1c034000 ---p 00000000 00:00 0 
7f3a1c034000-7f3a1c134000 rw-p 00000000 00:00 0 
7f3a1c134000-7f3a1c13f000 r-xp 00000000 08:06 2883787                    /lib/x86_64-linux-gnu/libnss_nis-2.23.so
7f3a1c13f000-7f3a1c33e000 ---p 0000b000 08:06 2883787                    /lib/x86_64-linux-gnu/libnss_nis-2.23.so
7f3a1c33e000-7f3a1c33f000 r--p 0000a000 08:06 2883787                    /lib/x86_64-linux-gnu/libnss_nis-2.23.so
7f3a1c33f000-7f3a1c340000 rw-p 0000b000 08:06 2883787                    /lib/x86_64-linux-gnu/libnss_nis-2.23.so
7f3a1c340000-7f3a1c356000 r-xp 00000000 08:06 2883791                    /lib/x86_64-linux-gnu/libnsl-2.23.so
7f3a1c356000-7f3a1c555000 ---p 00016000 08:06 2883791                    /lib/x86_64-linux-gnu/libnsl-2.23.so
7f3a1c555000-7f3a1c556000 r--p 00015000 08:06 2883791                    /lib/x86_64-linux-gnu/libnsl-2.23.so
7f3a1c556000-7f3a1c557000 rw-p 00016000 08:06 2883791                    /lib/x86_64-linux-gnu/libnsl-2.23.so
7f3a1c557000-7f3a1c559000 rw-p 00000000 00:00 0 
7f3a1c559000-7f3a1c561000 r-xp 00000000 08:06 2883805                    /lib/x86_64-linux-gnu/libnss_compat-2.23.so
7f3a1c561000-7f3a1c760000 ---p 00008000 08:06 2883805                    /lib/x86_64-linux-gnu/libnss_compat-2.23.so
7f3a1c760000-7f3a1c761000 r--p 00007000 08:06 2883805                    /lib/x86_64-linux-gnu/libnss_compat-2.23.so
7f3a1c761000-7f3a1c762000 rw-p 00008000 08:06 2883805                    /lib/x86_64-linux-gnu/libnss_compat-2.23.so
7f3a1c762000-7f3a1c78d000 r-xp 00000000 08:06 18745243                   /lib/jdk/jre/lib/amd64/libjava.so
7f3a1c78d000-7f3a1c98c000 ---p 0002b000 08:06 18745243                   /lib/jdk/jre/lib/amd64/libjava.so
7f3a1c98c000-7f3a1c98e000 rw-p 0002a000 08:06 18745243                   /lib/jdk/jre/lib/amd64/libjava.so
7f3a1c98e000-7f3a1c99b000 r-xp 00000000 08:06 18745194                   /lib/jdk/jre/lib/amd64/libverify.so
7f3a1c99b000-7f3a1cb9a000 ---p 0000d000 08:06 18745194                   /lib/jdk/jre/lib/amd64/libverify.so
7f3a1cb9a000-7f3a1cb9c000 rw-p 0000c000 08:06 18745194                   /lib/jdk/jre/lib/amd64/libverify.so
7f3a1cb9c000-7f3a1cba3000 r-xp 00000000 08:06 2883807                    /lib/x86_64-linux-gnu/librt-2.23.so
7f3a1cba3000-7f3a1cda2000 ---p 00007000 08:06 2883807                    /lib/x86_64-linux-gnu/librt-2.23.so
7f3a1cda2000-7f3a1cda3000 r--p 00006000 08:06 2883807                    /lib/x86_64-linux-gnu/librt-2.23.so
7f3a1cda3000-7f3a1cda4000 rw-p 00007000 08:06 2883807                    /lib/x86_64-linux-gnu/librt-2.23.so
7f3a1cda4000-7f3a1ceac000 r-xp 00000000 08:06 2883789                    /lib/x86_64-linux-gnu/libm-2.23.so
7f3a1ceac000-7f3a1d0ab000 ---p 00108000 08:06 2883789                    /lib/x86_64-linux-gnu/libm-2.23.so
7f3a1d0ab000-7f3a1d0ac000 r--p 00107000 08:06 2883789                    /lib/x86_64-linux-gnu/libm-2.23.so
7f3a1d0ac000-7f3a1d0ad000 rw-p 00108000 08:06 2883789                    /lib/x86_64-linux-gnu/libm-2.23.so
7f3a1d0ad000-7f3a1dd7b000 r-xp 00000000 08:06 18745247                   /lib/jdk/jre/lib/amd64/server/libjvm.so
7f3a1dd7b000-7f3a1df7b000 ---p 00cce000 08:06 18745247                   /lib/jdk/jre/lib/amd64/server/libjvm.so
7f3a1df7b000-7f3a1e054000 rw-p 00cce000 08:06 18745247                   /lib/jdk/jre/lib/amd64/server/libjvm.so
7f3a1e054000-7f3a1e09f000 rw-p 00000000 00:00 0 
7f3a1e09f000-7f3a1e25e000 r-xp 00000000 08:06 2883793                    /lib/x86_64-linux-gnu/libc-2.23.so
7f3a1e25e000-7f3a1e45e000 ---p 001bf000 08:06 2883793                    /lib/x86_64-linux-gnu/libc-2.23.so
7f3a1e45e000-7f3a1e462000 r--p 001bf000 08:06 2883793                    /lib/x86_64-linux-gnu/libc-2.23.so
7f3a1e462000-7f3a1e464000 rw-p 001c3000 08:06 2883793                    /lib/x86_64-linux-gnu/libc-2.23.so
7f3a1e464000-7f3a1e468000 rw-p 00000000 00:00 0 
7f3a1e468000-7f3a1e46b000 r-xp 00000000 08:06 2883785                    /lib/x86_64-linux-gnu/libdl-2.23.so
7f3a1e46b000-7f3a1e66a000 ---p 00003000 08:06 2883785                    /lib/x86_64-linux-gnu/libdl-2.23.so
7f3a1e66a000-7f3a1e66b000 r--p 00002000 08:06 2883785                    /lib/x86_64-linux-gnu/libdl-2.23.so
7f3a1e66b000-7f3a1e66c000 rw-p 00003000 08:06 2883785                    /lib/x86_64-linux-gnu/libdl-2.23.so
7f3a1e66c000-7f3a1e681000 r-xp 00000000 08:06 18744328                   /lib/jdk/lib/amd64/jli/libjli.so
7f3a1e681000-7f3a1e881000 ---p 00015000 08:06 18744328                   /lib/jdk/lib/amd64/jli/libjli.so
7f3a1e881000-7f3a1e882000 rw-p 00015000 08:06 18744328                   /lib/jdk/lib/amd64/jli/libjli.so
7f3a1e882000-7f3a1e89a000 r-xp 00000000 08:06 2883815                    /lib/x86_64-linux-gnu/libpthread-2.23.so
7f3a1e89a000-7f3a1ea99000 ---p 00018000 08:06 2883815                    /lib/x86_64-linux-gnu/libpthread-2.23.so
7f3a1ea99000-7f3a1ea9a000 r--p 00017000 08:06 2883815                    /lib/x86_64-linux-gnu/libpthread-2.23.so
7f3a1ea9a000-7f3a1ea9b000 rw-p 00018000 08:06 2883815                    /lib/x86_64-linux-gnu/libpthread-2.23.so
7f3a1ea9b000-7f3a1ea9f000 rw-p 00000000 00:00 0 
7f3a1ea9f000-7f3a1eac5000 r-xp 00000000 08:06 2883795                    /lib/x86_64-linux-gnu/ld-2.23.so
7f3a1eac5000-7f3a1eac6000 r--s 00007000 08:06 14288959                   /home/curt/Desktop/ganttproject-master/ganttproject-builder/dist-bin/plugins/ganttproject/lib/core/commons-logging.jar
7f3a1eac6000-7f3a1eac8000 r--s 0000d000 08:06 14288963                   /home/curt/Desktop/ganttproject-master/ganttproject-builder/dist-bin/plugins/ganttproject/lib/core/commons-codec-1.4.jar
7f3a1eac8000-7f3a1eacb000 r--s 0000d000 08:06 14288972                   /home/curt/Desktop/ganttproject-master/ganttproject-builder/dist-bin/plugins/ganttproject/lib/core/balloontip-1.2.4.1.jar
7f3a1eacb000-7f3a1eacd000 r--s 00000000 08:06 14288971                   /home/curt/Desktop/ganttproject-master/ganttproject-builder/dist-bin/plugins/ganttproject/lib/core/AppleJavaExtensions.jar
7f3a1eacd000-7f3a1eae0000 rw-p 00000000 00:00 0 
7f3a1eae0000-7f3a1eb23000 ---p 00000000 00:00 0 
7f3a1eb23000-7f3a1eb36000 rw-p 00000000 00:00 0 
7f3a1eb36000-7f3a1eb78000 ---p 00000000 00:00 0 
7f3a1eb78000-7f3a1eba3000 rw-p 00000000 00:00 0 
7f3a1eba3000-7f3a1eba4000 rw-p 00000000 00:00 0 
7f3a1eba4000-7f3a1eba7000 ---p 00000000 00:00 0 
7f3a1eba7000-7f3a1eca9000 rw-p 00000000 00:00 0 
7f3a1eca9000-7f3a1ecaa000 r--s 00006000 08:06 14288965                   /home/curt/Desktop/ganttproject-master/ganttproject-builder/dist-bin/plugins/ganttproject/lib/core/commons-csv.jar
7f3a1ecaa000-7f3a1ecb0000 r--s 0002c000 08:06 14287175                   /home/curt/Desktop/ganttproject-master/ganttproject-builder/dist-bin/plugins/biz.ganttproject.core/biz.ganttproject.core.jar
7f3a1ecb0000-7f3a1ecb3000 r--s 00010000 08:06 14288647                   /home/curt/Desktop/ganttproject-master/ganttproject-builder/dist-bin/eclipsito.jar
7f3a1ecb3000-7f3a1ecb8000 rw-p 00000000 00:00 0 
7f3a1ecb8000-7f3a1ecc0000 rw-s 00000000 08:06 1048635                    /tmp/hsperfdata_curt/7829
7f3a1ecc0000-7f3a1ecc1000 rw-p 00000000 00:00 0 
7f3a1ecc1000-7f3a1ecc2000 r--p 00000000 00:00 0 
7f3a1ecc2000-7f3a1ecc4000 rw-p 00000000 00:00 0 
7f3a1ecc4000-7f3a1ecc5000 r--p 00025000 08:06 2883795                    /lib/x86_64-linux-gnu/ld-2.23.so
7f3a1ecc5000-7f3a1ecc6000 rw-p 00026000 08:06 2883795                    /lib/x86_64-linux-gnu/ld-2.23.so
7f3a1ecc6000-7f3a1ecc7000 rw-p 00000000 00:00 0 
7ffea009f000-7ffea00c1000 rw-p 00000000 00:00 0                          [stack]
7ffea00d4000-7ffea00d6000 r--p 00000000 00:00 0                          [vvar]
7ffea00d6000-7ffea00d8000 r-xp 00000000 00:00 0                          [vdso]
ffffffffff600000-ffffffffff601000 r-xp 00000000 00:00 0                  [vsyscall]

VM Arguments:
jvm_args: -Xmx256m 
java_command: org.bardsoftware.eclipsito.Boot ganttproject-eclipsito-config.xml -log true -log_file /home/curt/.ganttproject.d/.ganttproject-20170324233950.log
java_class_path (initial): :/home/curt/Desktop/ganttproject-master/ganttproject-builder/dist-bin/eclipsito.jar:/home/curt/Desktop/ganttproject-master/ganttproject-builder/dist-bin
Launcher Type: SUN_STANDARD

Environment Variables:
JAVA_HOME=/lib/jdk
CLASSPATH=:/home/curt/Desktop/ganttproject-master/ganttproject-builder/dist-bin/eclipsito.jar:/home/curt/Desktop/ganttproject-master/ganttproject-builder/dist-bin
PATH=/home/curt/bin:/home/curt/.local/bin:/usr/local/sbin:/usr/local/bin:/usr/sbin:/usr/bin:/sbin:/bin:/usr/games:/usr/local/games:/lib/jdk/bin:/home/curt/Desktop/Gradle/gradle-3.3/bin:/snap/bin
SHELL=/bin/bash
DISPLAY=:0

Signal Handlers:
SIGSEGV: [libjvm.so+0xac78c0], sa_mask[0]=11111111011111111101111111111110, sa_flags=SA_RESTART|SA_SIGINFO
SIGBUS: [libjvm.so+0xac78c0], sa_mask[0]=11111111011111111101111111111110, sa_flags=SA_RESTART|SA_SIGINFO
SIGFPE: [libjvm.so+0x920ac0], sa_mask[0]=11111111011111111101111111111110, sa_flags=SA_RESTART|SA_SIGINFO
SIGPIPE: SIG_IGN, sa_mask[0]=00000000000010000000000000000000, sa_flags=SA_RESTART
SIGXFSZ: [libjvm.so+0x920ac0], sa_mask[0]=11111111011111111101111111111110, sa_flags=SA_RESTART|SA_SIGINFO
SIGILL: [libjvm.so+0x920ac0], sa_mask[0]=11111111011111111101111111111110, sa_flags=SA_RESTART|SA_SIGINFO
SIGUSR1: SIG_DFL, sa_mask[0]=00000000000000000000000000000000, sa_flags=none
SIGUSR2: [libjvm.so+0x922300], sa_mask[0]=00000000000000000000000000000000, sa_flags=SA_RESTART|SA_SIGINFO
SIGHUP: [libjvm.so+0x923700], sa_mask[0]=11111111011111111101111111111110, sa_flags=SA_RESTART|SA_SIGINFO
SIGINT: SIG_IGN, sa_mask[0]=00000000000000000000000000000000, sa_flags=none
SIGTERM: [libjvm.so+0x923700], sa_mask[0]=11111111011111111101111111111110, sa_flags=SA_RESTART|SA_SIGINFO
SIGQUIT: [libjvm.so+0x923700], sa_mask[0]=11111111011111111101111111111110, sa_flags=SA_RESTART|SA_SIGINFO


---------------  S Y S T E M  ---------------

OS:DISTRIB_ID=Ubuntu
DISTRIB_RELEASE=16.04
DISTRIB_CODENAME=xenial
DISTRIB_DESCRIPTION="Ubuntu 16.04.2 LTS"

uname:Linux 4.4.0-66-generic #87-Ubuntu SMP Fri Mar 3 15:29:05 UTC 2017 x86_64
libc:glibc 2.23 NPTL 2.23 
rlimit: STACK 8192k, CORE 0k, NPROC 15519, NOFILE 65536, AS infinity
load average:0.60 0.56 0.45

/proc/meminfo:
MemTotal:        4013136 kB
MemFree:          353324 kB
MemAvailable:     563692 kB
Buffers:           24628 kB
Cached:           417996 kB
SwapCached:        16212 kB
Active:          2439976 kB
Inactive:        1040872 kB
Active(anon):    2190548 kB
Inactive(anon):   903240 kB
Active(file):     249428 kB
Inactive(file):   137632 kB
Unevictable:          32 kB
Mlocked:              32 kB
SwapTotal:       4159484 kB
SwapFree:        3949188 kB
Dirty:              7916 kB
Writeback:             0 kB
AnonPages:       3023224 kB
Mapped:           188992 kB
Shmem:             55548 kB
Slab:              89180 kB
SReclaimable:      56856 kB
SUnreclaim:        32324 kB
KernelStack:       10064 kB
PageTables:        39332 kB
NFS_Unstable:          0 kB
Bounce:                0 kB
WritebackTmp:          0 kB
CommitLimit:     6166052 kB
Committed_AS:    7206384 kB
VmallocTotal:   34359738367 kB
VmallocUsed:           0 kB
VmallocChunk:          0 kB
HardwareCorrupted:     0 kB
AnonHugePages:   1722368 kB
CmaTotal:              0 kB
CmaFree:               0 kB
HugePages_Total:       0
HugePages_Free:        0
HugePages_Rsvd:        0
HugePages_Surp:        0
Hugepagesize:       2048 kB
DirectMap4k:      108116 kB
DirectMap2M:     4052992 kB


CPU:total 2 (2 cores per cpu, 1 threads per core) family 6 model 23 stepping 10, cmov, cx8, fxsr, mmx, sse, sse2, sse3, ssse3, sse4.1, tsc

/proc/cpuinfo:
processor	: 0
vendor_id	: GenuineIntel
cpu family	: 6
model		: 23
model name	: Intel(R) Core(TM)2 Duo CPU     P7550  @ 2.26GHz
stepping	: 10
microcode	: 0xa07
cpu MHz		: 2266.000
cache size	: 3072 KB
physical id	: 0
siblings	: 2
core id		: 0
cpu cores	: 2
apicid		: 0
initial apicid	: 0
fpu		: yes
fpu_exception	: yes
cpuid level	: 13
wp		: yes
flags		: fpu vme de pse tsc msr pae mce cx8 apic sep mtrr pge mca cmov pat pse36 clflush dts acpi mmx fxsr sse sse2 ss ht tm pbe syscall nx lm constant_tsc arch_perfmon pebs bts rep_good nopl aperfmperf pni dtes64 monitor ds_cpl est tm2 ssse3 cx16 xtpr pdcm sse4_1 xsave lahf_lm dtherm
bugs		:
bogomips	: 4522.09
clflush size	: 64
cache_alignment	: 64
address sizes	: 36 bits physical, 48 bits virtual
power management:

processor	: 1
vendor_id	: GenuineIntel
cpu family	: 6
model		: 23
model name	: Intel(R) Core(TM)2 Duo CPU     P7550  @ 2.26GHz
stepping	: 10
microcode	: 0xa07
cpu MHz		: 1600.000
cache size	: 3072 KB
physical id	: 0
siblings	: 2
core id		: 1
cpu cores	: 2
apicid		: 1
initial apicid	: 1
fpu		: yes
fpu_exception	: yes
cpuid level	: 13
wp		: yes
flags		: fpu vme de pse tsc msr pae mce cx8 apic sep mtrr pge mca cmov pat pse36 clflush dts acpi mmx fxsr sse sse2 ss ht tm pbe syscall nx lm constant_tsc arch_perfmon pebs bts rep_good nopl aperfmperf pni dtes64 monitor ds_cpl est tm2 ssse3 cx16 xtpr pdcm sse4_1 xsave lahf_lm dtherm
bugs		:
bogomips	: 4522.09
clflush size	: 64
cache_alignment	: 64
address sizes	: 36 bits physical, 48 bits virtual
power management:



Memory: 4k page, physical 4013136k(353324k free), swap 4159484k(3949188k free)

vm_info: Java HotSpot(TM) 64-Bit Server VM (25.121-b13) for linux-amd64 JRE (1.8.0_121-b13), built on Dec 12 2016 16:36:53 by "java_re" with gcc 4.3.0 20080428 (Red Hat 4.3.0-8)

time: Fri Mar 24 23:42:06 2017
elapsed time: 135 seconds (0d 0h 2m 15s)

